#
# There is insufficient memory for the Java Runtime Environment to continue.
# Native memory allocation (malloc) failed to allocate 1607536 bytes. Error detail: Chunk::new
# Possible reasons:
#   The system is out of physical RAM or swap space
#   This process is running with CompressedOops enabled, and the Java Heap may be blocking the growth of the native heap
# Possible solutions:
#   Reduce memory load on the system
#   Increase physical memory or swap space
#   Check if swap backing store is full
#   Decrease Java heap size (-Xmx/-Xms)
#   Decrease number of Java threads
#   Decrease Java thread stack sizes (-Xss)
#   Set larger code cache with -XX:ReservedCodeCacheSize=
#   JVM is running with Unscaled Compressed Oops mode in which the Java heap is
#     placed in the first 4GB address space. The Java Heap base address is the
#     maximum limit for the native heap growth. Please use -XX:HeapBaseMinAddress
#     to set the Java Heap base and to place the Java Heap above 4GB virtual address.
# This output file may be truncated or incomplete.
#
#  Out of Memory Error (arena.cpp:168), pid=9020, tid=24456
#
# JRE version: OpenJDK Runtime Environment Temurin-21.0.11+10 (21.0.11+10) (build 21.0.11+10-LTS)
# Java VM: OpenJDK 64-Bit Server VM Temurin-21.0.11+10 (21.0.11+10-LTS, mixed mode, sharing, tiered, compressed oops, compressed class ptrs, parallel gc, windows-amd64)
# No core dump will be written. Minidumps are not enabled by default on client versions of Windows
#

---------------  S U M M A R Y ------------

Command Line: --add-modules=ALL-SYSTEM --add-opens=java.base/java.util=ALL-UNNAMED --add-opens=java.base/java.lang=ALL-UNNAMED --add-opens=java.base/sun.nio.fs=ALL-UNNAMED -Declipse.application=org.eclipse.jdt.ls.core.id1 -Dosgi.bundles.defaultStartLevel=4 -Declipse.product=org.eclipse.jdt.ls.core.product -Djava.import.generatesMetadataFilesAtProjectRoot=false -DDetectVMInstallationsJob.disabled=true -Dfile.encoding=utf8 -XX:+UseParallelGC -XX:GCTimeRatio=4 -XX:AdaptiveSizePolicyWeight=90 -Dsun.zip.disableMemoryMapping=true -Xmx2G -Xms100m -Xlog:disable -javaagent:c:\Users\Nguyen Van Manh\.antigravity-ide\extensions\redhat.java-1.55.0-win32-x64\lombok\lombok-1.18.39-4050.jar -XX:+HeapDumpOnOutOfMemoryError -XX:HeapDumpPath=c:\Users\Nguyen Van Manh\AppData\Roaming\Antigravity IDE\User\workspaceStorage\cd29283c2ecb26fd1d90bb35446c8b77\redhat.java -Daether.dependencyCollector.impl=bf c:\Users\Nguyen Van Manh\.antigravity-ide\extensions\redhat.java-1.55.0-win32-x64\server\plugins\org.eclipse.equinox.launcher_1.7.200.v20260619-2039.jar -configuration c:\Users\Nguyen Van Manh\AppData\Roaming\Antigravity IDE\User\globalStorage\redhat.java\1.55.0\config_win -data c:\Users\Nguyen Van Manh\AppData\Roaming\Antigravity IDE\User\workspaceStorage\cd29283c2ecb26fd1d90bb35446c8b77\redhat.java\jdt_ws --pipe=\\.\pipe\lsp-6cf37b76bf684e297ce566c00b1a1f37-sock

Host: AMD Ryzen 7 5800H with Radeon Graphics         , 16 cores, 7G,  Windows 11 , 64 bit Build 26100 (10.0.26100.8875)
Time: Sat Jul 18 12:50:47 2026 SE Asia Standard Time elapsed time: 92.743774 seconds (0d 0h 1m 32s)

---------------  T H R E A D  ---------------

Current thread (0x0000015379efe040):  JavaThread "C2 CompilerThread0" daemon [_thread_in_native, id=24456, stack(0x0000001a69c00000,0x0000001a69d00000) (1024K)]


Current CompileTask:
C2:92744 4755   !   4       org.eclipse.osgi.internal.loader.classpath.ClasspathManager::findClassImpl (328 bytes)

Stack: [0x0000001a69c00000,0x0000001a69d00000]
Native frames: (J=compiled Java code, j=interpreted, Vv=VM code, C=native code)
V  [jvm.dll+0x6d7e19]
V  [jvm.dll+0x8b5096]
V  [jvm.dll+0x8b764e]
V  [jvm.dll+0x8b7d33]
V  [jvm.dll+0x284596]
V  [jvm.dll+0xc685d]
V  [jvm.dll+0xc6da1]
V  [jvm.dll+0x3bed31]
V  [jvm.dll+0x38b2b2]
V  [jvm.dll+0x38a6fa]
V  [jvm.dll+0x24c700]
V  [jvm.dll+0x24bce0]
V  [jvm.dll+0x1cb4ae]
V  [jvm.dll+0x25baad]
V  [jvm.dll+0x25a03a]
V  [jvm.dll+0x3f868e]
V  [jvm.dll+0x85fb0d]
V  [jvm.dll+0x6d664d]
C  [ucrtbase.dll+0x2cd30]
C  [KERNEL32.DLL+0x2e957]
C  [ntdll.dll+0xaad6c]


---------------  P R O C E S S  ---------------

Threads class SMR info:
_java_thread_list=0x0000015354dabda0, length=22, elements={
0x0000015379e44f00, 0x0000015379ee7360, 0x0000015379ee8c40, 0x0000015379ee9f70,
0x0000015379eea9d0, 0x0000015379eeca20, 0x0000015379ef7820, 0x0000015379efe040,
0x000001537ecb6b40, 0x000001537ee5d620, 0x000001537eff8d30, 0x0000015359049520,
0x0000015354dd7c10, 0x0000015354c6f780, 0x0000015354c6fdf0, 0x0000015354773d10,
0x0000015359430ea0, 0x00000153546efc00, 0x000001537efae030, 0x0000015354b89040,
0x0000015354b87c90, 0x0000015354b8b110
}

Java Threads: ( => current thread )
  0x0000015379e44f00 JavaThread "main"                              [_thread_blocked, id=46560, stack(0x0000001a69100000,0x0000001a69200000) (1024K)]
  0x0000015379ee7360 JavaThread "Reference Handler"          daemon [_thread_blocked, id=22320, stack(0x0000001a69600000,0x0000001a69700000) (1024K)]
  0x0000015379ee8c40 JavaThread "Finalizer"                  daemon [_thread_blocked, id=22328, stack(0x0000001a69700000,0x0000001a69800000) (1024K)]
  0x0000015379ee9f70 JavaThread "Signal Dispatcher"          daemon [_thread_blocked, id=22376, stack(0x0000001a69800000,0x0000001a69900000) (1024K)]
  0x0000015379eea9d0 JavaThread "Attach Listener"            daemon [_thread_blocked, id=16712, stack(0x0000001a69900000,0x0000001a69a00000) (1024K)]
  0x0000015379eeca20 JavaThread "Service Thread"             daemon [_thread_blocked, id=21000, stack(0x0000001a69a00000,0x0000001a69b00000) (1024K)]
  0x0000015379ef7820 JavaThread "Monitor Deflation Thread"   daemon [_thread_blocked, id=21600, stack(0x0000001a69b00000,0x0000001a69c00000) (1024K)]
=>0x0000015379efe040 JavaThread "C2 CompilerThread0"         daemon [_thread_in_native, id=24456, stack(0x0000001a69c00000,0x0000001a69d00000) (1024K)]
  0x000001537ecb6b40 JavaThread "C1 CompilerThread0"         daemon [_thread_in_native, id=20000, stack(0x0000001a69d00000,0x0000001a69e00000) (1024K)]
  0x000001537ee5d620 JavaThread "Common-Cleaner"             daemon [_thread_blocked, id=8832, stack(0x0000001a69e00000,0x0000001a69f00000) (1024K)]
  0x000001537eff8d30 JavaThread "Notification Thread"        daemon [_thread_blocked, id=43836, stack(0x0000001a69f00000,0x0000001a6a000000) (1024K)]
  0x0000015359049520 JavaThread "Active Thread: Equinox Container: e8cad766-6f8a-431a-8078-66ae591bf327"        [_thread_blocked, id=38252, stack(0x0000001a6a600000,0x0000001a6a700000) (1024K)]
  0x0000015354dd7c10 JavaThread "Refresh Thread: Equinox Container: e8cad766-6f8a-431a-8078-66ae591bf327" daemon [_thread_blocked, id=47108, stack(0x0000001a6a800000,0x0000001a6a900000) (1024K)]
  0x0000015354c6f780 JavaThread "Framework Event Dispatcher: Equinox Container: e8cad766-6f8a-431a-8078-66ae591bf327" daemon [_thread_blocked, id=47236, stack(0x0000001a6a900000,0x0000001a6aa00000) (1024K)]
  0x0000015354c6fdf0 JavaThread "Start Level: Equinox Container: e8cad766-6f8a-431a-8078-66ae591bf327" daemon [_thread_in_Java, id=47240, stack(0x0000001a6aa00000,0x0000001a6ab00000) (1024K)]
  0x0000015354773d10 JavaThread "Bundle File Closer"         daemon [_thread_blocked, id=47916, stack(0x0000001a6ae00000,0x0000001a6af00000) (1024K)]
  0x0000015359430ea0 JavaThread "SCR Component Actor"        daemon [_thread_blocked, id=48000, stack(0x0000001a68f00000,0x0000001a69000000) (1024K)]
  0x00000153546efc00 JavaThread "Worker-JM"                         [_thread_blocked, id=2828, stack(0x0000001a6b000000,0x0000001a6b100000) (1024K)]
  0x000001537efae030 JavaThread "JNA Cleaner"                daemon [_thread_blocked, id=46644, stack(0x0000001a6b100000,0x0000001a6b200000) (1024K)]
  0x0000015354b89040 JavaThread "Worker-0: Repository registry initialization"        [_thread_in_Java, id=23848, stack(0x0000001a6b200000,0x0000001a6b300000) (1024K)]
  0x0000015354b87c90 JavaThread "Worker-1: Building"                [_thread_blocked, id=47388, stack(0x0000001a6b300000,0x0000001a6b400000) (1024K)]
  0x0000015354b8b110 JavaThread "Worker-2"                          [_thread_blocked, id=46408, stack(0x0000001a6b400000,0x0000001a6b500000) (1024K)]
Total: 22

Other Threads:
  0x000001537d8d49b0 VMThread "VM Thread"                           [id=22380, stack(0x0000001a69500000,0x0000001a69600000) (1024K)]
  0x000001537d7cca10 WatcherThread "VM Periodic Task Thread"        [id=20876, stack(0x0000001a69400000,0x0000001a69500000) (1024K)]
  0x0000015379e648e0 WorkerThread "GC Thread#0"                     [id=28768, stack(0x0000001a69300000,0x0000001a69400000) (1024K)]
  0x0000015354b44710 WorkerThread "GC Thread#1"                     [id=19860, stack(0x0000001a6a000000,0x0000001a6a100000) (1024K)]
  0x0000015354b44ac0 WorkerThread "GC Thread#2"                     [id=35392, stack(0x0000001a6a100000,0x0000001a6a200000) (1024K)]
  0x0000015354b44e70 WorkerThread "GC Thread#3"                     [id=9772, stack(0x0000001a6a200000,0x0000001a6a300000) (1024K)]
  0x0000015354bf62b0 WorkerThread "GC Thread#4"                     [id=23360, stack(0x0000001a6a300000,0x0000001a6a400000) (1024K)]
  0x0000015354bf6660 WorkerThread "GC Thread#5"                     [id=2708, stack(0x0000001a6a400000,0x0000001a6a500000) (1024K)]
  0x0000015354bf6a10 WorkerThread "GC Thread#6"                     [id=13176, stack(0x0000001a6a500000,0x0000001a6a600000) (1024K)]
  0x0000015354aaf880 WorkerThread "GC Thread#7"                     [id=25480, stack(0x0000001a6a700000,0x0000001a6a800000) (1024K)]
  0x0000015359228400 WorkerThread "GC Thread#8"                     [id=47768, stack(0x0000001a6ab00000,0x0000001a6ac00000) (1024K)]
  0x00000153592287b0 WorkerThread "GC Thread#9"                     [id=47772, stack(0x0000001a6ac00000,0x0000001a6ad00000) (1024K)]
  0x0000015359228b60 WorkerThread "GC Thread#10"                    [id=47776, stack(0x0000001a6ad00000,0x0000001a6ae00000) (1024K)]
  0x0000015359847e90 WorkerThread "GC Thread#11"                    [id=19076, stack(0x0000001a69000000,0x0000001a69100000) (1024K)]
  0x0000015359860300 WorkerThread "GC Thread#12"                    [id=24648, stack(0x0000001a6af00000,0x0000001a6b000000) (1024K)]
Total: 15

Threads with active compile tasks:
C2 CompilerThread0  92827 4755   !   4       org.eclipse.osgi.internal.loader.classpath.ClasspathManager::findClassImpl (328 bytes)
C1 CompilerThread0  92827 5045       2       java.util.TimSort::reverseRange (32 bytes)
Total: 2

VM state: not at safepoint (normal execution)

VM Mutex/Monitor currently owned by a thread: None

Heap address: 0x0000000080000000, size: 2048 MB, Compressed Oops mode: 32-bit

CDS archive(s) mapped at: [0x0000015313000000-0x0000015313ba0000-0x0000015313ba0000), size 12189696, SharedBaseAddress: 0x0000015313000000, ArchiveRelocationMode: 1.
Compressed class space mapped at: 0x0000015314000000-0x0000015354000000, reserved size: 1073741824
Narrow klass base: 0x0000015313000000, Narrow klass shift: 0, Narrow klass range: 0x100000000

GC Precious Log:
 CardTable entry size: 512
 CPUs: 16 total, 16 available
 Memory: 7528M
 Large Page Support: Disabled
 NUMA Support: Disabled
 Compressed Oops: Enabled (32-bit)
 Alignments: Space 512K, Generation 512K, Heap 2M
 Heap Min Capacity: 100M
 Heap Initial Capacity: 100M
 Heap Max Capacity: 2G
 Pre-touch: Disabled
 Parallel Workers: 13

Heap:
 PSYoungGen      total 23552K, used 14692K [0x00000000d5580000, 0x00000000d7200000, 0x0000000100000000)
  eden space 22528K, 60% used [0x00000000d5580000,0x00000000d62df6b0,0x00000000d6b80000)
  from space 1024K, 97% used [0x00000000d6f80000,0x00000000d7079b50,0x00000000d7080000)
  to   space 1536K, 0% used [0x00000000d7080000,0x00000000d7080000,0x00000000d7200000)
 ParOldGen       total 68608K, used 16830K [0x0000000080000000, 0x0000000084300000, 0x00000000d5580000)
  object space 68608K, 24% used [0x0000000080000000,0x000000008106fa68,0x0000000084300000)
 Metaspace       used 31233K, committed 32192K, reserved 1114112K
  class space    used 3195K, committed 3584K, reserved 1048576K

Card table byte_map: [0x0000015379810000,0x0000015379c20000] _byte_map_base: 0x0000015379410000

Marking Bits: (ParMarkBitMap*) 0x00007ffe9eca4460
 Begin Bits: [0x000001530f000000, 0x0000015311000000)
 End Bits:   [0x0000015311000000, 0x0000015313000000)

Polling page: 0x0000015379600000

Metaspace:

Usage:
  Non-class:     27.38 MB used.
      Class:      3.12 MB used.
       Both:     30.50 MB used.

Virtual space:
  Non-class space:       64.00 MB reserved,      27.94 MB ( 44%) committed,  1 nodes.
      Class space:        1.00 GB reserved,       3.50 MB ( <1%) committed,  1 nodes.
             Both:        1.06 GB reserved,      31.44 MB (  3%) committed. 

Chunk freelists:
   Non-Class:  3.62 MB
       Class:  12.47 MB
        Both:  16.09 MB

MaxMetaspaceSize: unlimited
CompressedClassSpaceSize: 1.00 GB
Initial GC threshold: 21.00 MB
Current GC threshold: 35.00 MB
CDS: on
 - commit_granule_bytes: 65536.
 - commit_granule_words: 8192.
 - virtual_space_node_default_size: 8388608.
 - enlarge_chunks_in_place: 1.
 - use_allocation_guard: 0.


Internal statistics:

num_allocs_failed_limit: 3.
num_arena_births: 852.
num_arena_deaths: 14.
num_vsnodes_births: 2.
num_vsnodes_deaths: 0.
num_space_committed: 503.
num_space_uncommitted: 0.
num_chunks_returned_to_freelist: 17.
num_chunks_taken_from_freelist: 2215.
num_chunk_merges: 6.
num_chunk_splits: 1369.
num_chunks_enlarged: 753.
num_inconsistent_stats: 0.

CodeHeap 'non-profiled nmethods': size=119168Kb used=2068Kb max_used=2068Kb free=117099Kb
 bounds [0x0000015307ba0000, 0x0000015307e10000, 0x000001530f000000]
CodeHeap 'profiled nmethods': size=119104Kb used=10830Kb max_used=10830Kb free=108273Kb
 bounds [0x0000015300000000, 0x0000015300aa0000, 0x0000015307450000]
CodeHeap 'non-nmethods': size=7488Kb used=1342Kb max_used=1343Kb free=6145Kb
 bounds [0x0000015307450000, 0x00000153076c0000, 0x0000015307ba0000]
CodeCache: size=245760Kb, used=14240Kb, max_used=14241Kb, free=231517Kb
 total_blobs=5624, nmethods=4992, adapters=538, full_count=0
Compilation: enabled, stopped_count=0, restarted_count=0

Compilation events (20 events):
Event: 91.681 Thread 0x000001537ecb6b40 4966       2       org.lombokweb.asm.MethodVisitor::visitTypeInsn (17 bytes)
Event: 91.682 Thread 0x000001537ecb6b40 nmethod 4966 0x0000015300a73f10 code [0x0000015300a740c0, 0x0000015300a74200]
Event: 91.690 Thread 0x000001537ecb6b40 4967   !   3       org.eclipse.osgi.storage.bundlefile.CloseableBundleFile::lockOpen (113 bytes)
Event: 91.692 Thread 0x000001537ecb6b40 nmethod 4967 0x0000015300a74290 code [0x0000015300a74560, 0x0000015300a757e0]
Event: 91.692 Thread 0x000001537ecb6b40 4968   !   2       jdk.internal.loader.BuiltinClassLoader::findResource (154 bytes)
Event: 91.693 Thread 0x000001537ecb6b40 nmethod 4968 0x0000015300a75e10 code [0x0000015300a760a0, 0x0000015300a76708]
Event: 91.700 Thread 0x000001537ecb6b40 4969   !   3       java.lang.ClassLoader::addClass (27 bytes)
Event: 91.702 Thread 0x000001537ecb6b40 nmethod 4969 0x0000015300a76c90 code [0x0000015300a76e80, 0x0000015300a77470]
Event: 91.720 Thread 0x000001537ecb6b40 4970       2       org.eclipse.osgi.internal.hookregistry.ClassLoaderHook::preFindLocalResource (1 bytes)
Event: 91.720 Thread 0x000001537ecb6b40 nmethod 4970 0x0000015300a77790 code [0x0000015300a77920, 0x0000015300a77a28]
Event: 91.721 Thread 0x000001537ecb6b40 4971       2       org.eclipse.osgi.internal.hookregistry.ClassLoaderHook::postFindLocalResource (1 bytes)
Event: 91.721 Thread 0x000001537ecb6b40 nmethod 4971 0x0000015300a77a90 code [0x0000015300a77c20, 0x0000015300a77d28]
Event: 91.721 Thread 0x000001537ecb6b40 4972 %     3       org.codehaus.plexus.util.InterpolationFilterReader::read @ 3 (48 bytes)
Event: 91.721 Thread 0x000001537ecb6b40 nmethod 4972% 0x0000015300a77e10 code [0x0000015300a77fe0, 0x0000015300a783d0]
Event: 91.722 Thread 0x000001537ecb6b40 4973       3       org.codehaus.plexus.util.InterpolationFilterReader::read (48 bytes)
Event: 91.722 Thread 0x000001537ecb6b40 nmethod 4973 0x0000015300a78590 code [0x0000015300a78760, 0x0000015300a78a68]
Event: 91.724 Thread 0x000001537ecb6b40 4974       2       org.eclipse.osgi.internal.loader.classpath.ClasspathEntry::findResource (65 bytes)
Event: 91.724 Thread 0x000001537ecb6b40 nmethod 4974 0x0000015300a78c10 code [0x0000015300a78e00, 0x0000015300a79100]
Event: 91.724 Thread 0x000001537ecb6b40 4975       3       java.net.URL::toString (5 bytes)
Event: 91.724 Thread 0x000001537ecb6b40 nmethod 4975 0x0000015300a79310 code [0x0000015300a794c0, 0x0000015300a79700]

GC Heap History (20 events):
Event: 51.041 GC heap before
{Heap before GC invocations=3 (full 0):
 PSYoungGen      total 29696K, used 29670K [0x00000000d5580000, 0x00000000d7680000, 0x0000000100000000)
  eden space 25600K, 100% used [0x00000000d5580000,0x00000000d6e80000,0x00000000d6e80000)
  from space 4096K, 99% used [0x00000000d7280000,0x00000000d7679800,0x00000000d7680000)
  to   space 4096K, 0% used [0x00000000d6e80000,0x00000000d6e80000,0x00000000d7280000)
 ParOldGen       total 68608K, used 1937K [0x0000000080000000, 0x0000000084300000, 0x00000000d5580000)
  object space 68608K, 2% used [0x0000000080000000,0x00000000801e4548,0x0000000084300000)
 Metaspace       used 9516K, committed 9792K, reserved 1114112K
  class space    used 1008K, committed 1152K, reserved 1048576K
}
Event: 51.218 GC heap after
{Heap after GC invocations=3 (full 0):
 PSYoungGen      total 29696K, used 4091K [0x00000000d5580000, 0x00000000d7680000, 0x0000000100000000)
  eden space 25600K, 0% used [0x00000000d5580000,0x00000000d5580000,0x00000000d6e80000)
  from space 4096K, 99% used [0x00000000d6e80000,0x00000000d727ef50,0x00000000d7280000)
  to   space 4096K, 0% used [0x00000000d7280000,0x00000000d7280000,0x00000000d7680000)
 ParOldGen       total 68608K, used 4618K [0x0000000080000000, 0x0000000084300000, 0x00000000d5580000)
  object space 68608K, 6% used [0x0000000080000000,0x00000000804829a0,0x0000000084300000)
 Metaspace       used 9516K, committed 9792K, reserved 1114112K
  class space    used 1008K, committed 1152K, reserved 1048576K
}
Event: 80.992 GC heap before
{Heap before GC invocations=4 (full 0):
 PSYoungGen      total 29696K, used 29691K [0x00000000d5580000, 0x00000000d7680000, 0x0000000100000000)
  eden space 25600K, 100% used [0x00000000d5580000,0x00000000d6e80000,0x00000000d6e80000)
  from space 4096K, 99% used [0x00000000d6e80000,0x00000000d727ef50,0x00000000d7280000)
  to   space 4096K, 0% used [0x00000000d7280000,0x00000000d7280000,0x00000000d7680000)
 ParOldGen       total 68608K, used 4618K [0x0000000080000000, 0x0000000084300000, 0x00000000d5580000)
  object space 68608K, 6% used [0x0000000080000000,0x00000000804829a0,0x0000000084300000)
 Metaspace       used 11323K, committed 11712K, reserved 1114112K
  class space    used 1171K, committed 1344K, reserved 1048576K
}
Event: 81.177 GC heap after
{Heap after GC invocations=4 (full 0):
 PSYoungGen      total 29696K, used 4085K [0x00000000d5580000, 0x00000000d7680000, 0x0000000100000000)
  eden space 25600K, 0% used [0x00000000d5580000,0x00000000d5580000,0x00000000d6e80000)
  from space 4096K, 99% used [0x00000000d7280000,0x00000000d767d5a8,0x00000000d7680000)
  to   space 4096K, 0% used [0x00000000d6e80000,0x00000000d6e80000,0x00000000d7280000)
 ParOldGen       total 68608K, used 6964K [0x0000000080000000, 0x0000000084300000, 0x00000000d5580000)
  object space 68608K, 10% used [0x0000000080000000,0x00000000806cd220,0x0000000084300000)
 Metaspace       used 11323K, committed 11712K, reserved 1114112K
  class space    used 1171K, committed 1344K, reserved 1048576K
}
Event: 84.155 GC heap before
{Heap before GC invocations=5 (full 0):
 PSYoungGen      total 29696K, used 29685K [0x00000000d5580000, 0x00000000d7680000, 0x0000000100000000)
  eden space 25600K, 100% used [0x00000000d5580000,0x00000000d6e80000,0x00000000d6e80000)
  from space 4096K, 99% used [0x00000000d7280000,0x00000000d767d5a8,0x00000000d7680000)
  to   space 4096K, 0% used [0x00000000d6e80000,0x00000000d6e80000,0x00000000d7280000)
 ParOldGen       total 68608K, used 6964K [0x0000000080000000, 0x0000000084300000, 0x00000000d5580000)
  object space 68608K, 10% used [0x0000000080000000,0x00000000806cd220,0x0000000084300000)
 Metaspace       used 15135K, committed 15808K, reserved 1114112K
  class space    used 1541K, committed 1856K, reserved 1048576K
}
Event: 84.172 GC heap after
{Heap after GC invocations=5 (full 0):
 PSYoungGen      total 29184K, used 4081K [0x00000000d5580000, 0x00000000d7b00000, 0x0000000100000000)
  eden space 25088K, 0% used [0x00000000d5580000,0x00000000d5580000,0x00000000d6e00000)
  from space 4096K, 99% used [0x00000000d6e80000,0x00000000d727c628,0x00000000d7280000)
  to   space 6656K, 0% used [0x00000000d7480000,0x00000000d7480000,0x00000000d7b00000)
 ParOldGen       total 68608K, used 9036K [0x0000000080000000, 0x0000000084300000, 0x00000000d5580000)
  object space 68608K, 13% used [0x0000000080000000,0x00000000808d32c0,0x0000000084300000)
 Metaspace       used 15135K, committed 15808K, reserved 1114112K
  class space    used 1541K, committed 1856K, reserved 1048576K
}
Event: 87.338 GC heap before
{Heap before GC invocations=6 (full 0):
 PSYoungGen      total 29184K, used 29169K [0x00000000d5580000, 0x00000000d7b00000, 0x0000000100000000)
  eden space 25088K, 100% used [0x00000000d5580000,0x00000000d6e00000,0x00000000d6e00000)
  from space 4096K, 99% used [0x00000000d6e80000,0x00000000d727c628,0x00000000d7280000)
  to   space 6656K, 0% used [0x00000000d7480000,0x00000000d7480000,0x00000000d7b00000)
 ParOldGen       total 68608K, used 9036K [0x0000000080000000, 0x0000000084300000, 0x00000000d5580000)
  object space 68608K, 13% used [0x0000000080000000,0x00000000808d32c0,0x0000000084300000)
 Metaspace       used 18666K, committed 19456K, reserved 1114112K
  class space    used 1936K, committed 2304K, reserved 1048576K
}
Event: 87.347 GC heap after
{Heap after GC invocations=6 (full 0):
 PSYoungGen      total 30208K, used 5171K [0x00000000d5580000, 0x00000000d7a00000, 0x0000000100000000)
  eden space 24576K, 0% used [0x00000000d5580000,0x00000000d5580000,0x00000000d6d80000)
  from space 5632K, 91% used [0x00000000d7480000,0x00000000d798cd48,0x00000000d7a00000)
  to   space 5632K, 0% used [0x00000000d6f00000,0x00000000d6f00000,0x00000000d7480000)
 ParOldGen       total 68608K, used 9044K [0x0000000080000000, 0x0000000084300000, 0x00000000d5580000)
  object space 68608K, 13% used [0x0000000080000000,0x00000000808d52c0,0x0000000084300000)
 Metaspace       used 18666K, committed 19456K, reserved 1114112K
  class space    used 1936K, committed 2304K, reserved 1048576K
}
Event: 88.331 GC heap before
{Heap before GC invocations=7 (full 0):
 PSYoungGen      total 30208K, used 24846K [0x00000000d5580000, 0x00000000d7a00000, 0x0000000100000000)
  eden space 24576K, 80% used [0x00000000d5580000,0x00000000d68b6c78,0x00000000d6d80000)
  from space 5632K, 91% used [0x00000000d7480000,0x00000000d798cd48,0x00000000d7a00000)
  to   space 5632K, 0% used [0x00000000d6f00000,0x00000000d6f00000,0x00000000d7480000)
 ParOldGen       total 68608K, used 9044K [0x0000000080000000, 0x0000000084300000, 0x00000000d5580000)
  object space 68608K, 13% used [0x0000000080000000,0x00000000808d52c0,0x0000000084300000)
 Metaspace       used 20689K, committed 21504K, reserved 1114112K
  class space    used 2165K, committed 2496K, reserved 1048576K
}
Event: 88.349 GC heap after
{Heap after GC invocations=7 (full 0):
 PSYoungGen      total 28672K, used 3761K [0x00000000d5580000, 0x00000000d7680000, 0x0000000100000000)
  eden space 24576K, 0% used [0x00000000d5580000,0x00000000d5580000,0x00000000d6d80000)
  from space 4096K, 91% used [0x00000000d6f00000,0x00000000d72ac530,0x00000000d7300000)
  to   space 3584K, 0% used [0x00000000d7300000,0x00000000d7300000,0x00000000d7680000)
 ParOldGen       total 68608K, used 10791K [0x0000000080000000, 0x0000000084300000, 0x00000000d5580000)
  object space 68608K, 15% used [0x0000000080000000,0x0000000080a89f80,0x0000000084300000)
 Metaspace       used 20689K, committed 21504K, reserved 1114112K
  class space    used 2165K, committed 2496K, reserved 1048576K
}
Event: 88.349 GC heap before
{Heap before GC invocations=8 (full 1):
 PSYoungGen      total 28672K, used 3761K [0x00000000d5580000, 0x00000000d7680000, 0x0000000100000000)
  eden space 24576K, 0% used [0x00000000d5580000,0x00000000d5580000,0x00000000d6d80000)
  from space 4096K, 91% used [0x00000000d6f00000,0x00000000d72ac530,0x00000000d7300000)
  to   space 3584K, 0% used [0x00000000d7300000,0x00000000d7300000,0x00000000d7680000)
 ParOldGen       total 68608K, used 10791K [0x0000000080000000, 0x0000000084300000, 0x00000000d5580000)
  object space 68608K, 15% used [0x0000000080000000,0x0000000080a89f80,0x0000000084300000)
 Metaspace       used 20689K, committed 21504K, reserved 1114112K
  class space    used 2165K, committed 2496K, reserved 1048576K
}
Event: 88.639 GC heap after
{Heap after GC invocations=8 (full 1):
 PSYoungGen      total 28672K, used 0K [0x00000000d5580000, 0x00000000d7680000, 0x0000000100000000)
  eden space 24576K, 0% used [0x00000000d5580000,0x00000000d5580000,0x00000000d6d80000)
  from space 4096K, 0% used [0x00000000d6f00000,0x00000000d6f00000,0x00000000d7300000)
  to   space 3584K, 0% used [0x00000000d7300000,0x00000000d7300000,0x00000000d7680000)
 ParOldGen       total 68608K, used 13411K [0x0000000080000000, 0x0000000084300000, 0x00000000d5580000)
  object space 68608K, 19% used [0x0000000080000000,0x0000000080d18f40,0x0000000084300000)
 Metaspace       used 20676K, committed 21504K, reserved 1114112K
  class space    used 2162K, committed 2496K, reserved 1048576K
}
Event: 89.413 GC heap before
{Heap before GC invocations=9 (full 1):
 PSYoungGen      total 28672K, used 24576K [0x00000000d5580000, 0x00000000d7680000, 0x0000000100000000)
  eden space 24576K, 100% used [0x00000000d5580000,0x00000000d6d80000,0x00000000d6d80000)
  from space 4096K, 0% used [0x00000000d6f00000,0x00000000d6f00000,0x00000000d7300000)
  to   space 3584K, 0% used [0x00000000d7300000,0x00000000d7300000,0x00000000d7680000)
 ParOldGen       total 68608K, used 13411K [0x0000000080000000, 0x0000000084300000, 0x00000000d5580000)
  object space 68608K, 19% used [0x0000000080000000,0x0000000080d18f40,0x0000000084300000)
 Metaspace       used 23157K, committed 24128K, reserved 1114112K
  class space    used 2410K, committed 2816K, reserved 1048576K
}
Event: 89.416 GC heap after
{Heap after GC invocations=9 (full 1):
 PSYoungGen      total 27648K, used 3317K [0x00000000d5580000, 0x00000000d7680000, 0x0000000100000000)
  eden space 24064K, 0% used [0x00000000d5580000,0x00000000d5580000,0x00000000d6d00000)
  from space 3584K, 92% used [0x00000000d7300000,0x00000000d763d6d8,0x00000000d7680000)
  to   space 3584K, 0% used [0x00000000d6f80000,0x00000000d6f80000,0x00000000d7300000)
 ParOldGen       total 68608K, used 13419K [0x0000000080000000, 0x0000000084300000, 0x00000000d5580000)
  object space 68608K, 19% used [0x0000000080000000,0x0000000080d1af40,0x0000000084300000)
 Metaspace       used 23157K, committed 24128K, reserved 1114112K
  class space    used 2410K, committed 2816K, reserved 1048576K
}
Event: 91.155 GC heap before
{Heap before GC invocations=10 (full 1):
 PSYoungGen      total 27648K, used 27381K [0x00000000d5580000, 0x00000000d7680000, 0x0000000100000000)
  eden space 24064K, 100% used [0x00000000d5580000,0x00000000d6d00000,0x00000000d6d00000)
  from space 3584K, 92% used [0x00000000d7300000,0x00000000d763d6d8,0x00000000d7680000)
  to   space 3584K, 0% used [0x00000000d6f80000,0x00000000d6f80000,0x00000000d7300000)
 ParOldGen       total 68608K, used 13419K [0x0000000080000000, 0x0000000084300000, 0x00000000d5580000)
  object space 68608K, 19% used [0x0000000080000000,0x0000000080d1af40,0x0000000084300000)
 Metaspace       used 26082K, committed 27008K, reserved 1114112K
  class space    used 2626K, committed 3008K, reserved 1048576K
}
Event: 91.158 GC heap after
{Heap after GC invocations=10 (full 1):
 PSYoungGen      total 25600K, used 1918K [0x00000000d5580000, 0x00000000d7380000, 0x0000000100000000)
  eden space 23552K, 0% used [0x00000000d5580000,0x00000000d5580000,0x00000000d6c80000)
  from space 2048K, 93% used [0x00000000d6f80000,0x00000000d715f9d8,0x00000000d7180000)
  to   space 2048K, 0% used [0x00000000d7180000,0x00000000d7180000,0x00000000d7380000)
 ParOldGen       total 68608K, used 13427K [0x0000000080000000, 0x0000000084300000, 0x00000000d5580000)
  object space 68608K, 19% used [0x0000000080000000,0x0000000080d1cf40,0x0000000084300000)
 Metaspace       used 26082K, committed 27008K, reserved 1114112K
  class space    used 2626K, committed 3008K, reserved 1048576K
}
Event: 91.380 GC heap before
{Heap before GC invocations=11 (full 1):
 PSYoungGen      total 25600K, used 25470K [0x00000000d5580000, 0x00000000d7380000, 0x0000000100000000)
  eden space 23552K, 100% used [0x00000000d5580000,0x00000000d6c80000,0x00000000d6c80000)
  from space 2048K, 93% used [0x00000000d6f80000,0x00000000d715f9d8,0x00000000d7180000)
  to   space 2048K, 0% used [0x00000000d7180000,0x00000000d7180000,0x00000000d7380000)
 ParOldGen       total 68608K, used 13427K [0x0000000080000000, 0x0000000084300000, 0x00000000d5580000)
  object space 68608K, 19% used [0x0000000080000000,0x0000000080d1cf40,0x0000000084300000)
 Metaspace       used 29311K, committed 30336K, reserved 1114112K
  class space    used 2990K, committed 3392K, reserved 1048576K
}
Event: 91.383 GC heap after
{Heap after GC invocations=11 (full 1):
 PSYoungGen      total 24064K, used 861K [0x00000000d5580000, 0x00000000d7280000, 0x0000000100000000)
  eden space 23040K, 0% used [0x00000000d5580000,0x00000000d5580000,0x00000000d6c00000)
  from space 1024K, 84% used [0x00000000d7180000,0x00000000d7257420,0x00000000d7280000)
  to   space 1536K, 0% used [0x00000000d6f80000,0x00000000d6f80000,0x00000000d7100000)
 ParOldGen       total 68608K, used 14671K [0x0000000080000000, 0x0000000084300000, 0x00000000d5580000)
  object space 68608K, 21% used [0x0000000080000000,0x0000000080e53f60,0x0000000084300000)
 Metaspace       used 29311K, committed 30336K, reserved 1114112K
  class space    used 2990K, committed 3392K, reserved 1048576K
}
Event: 91.637 GC heap before
{Heap before GC invocations=12 (full 1):
 PSYoungGen      total 24064K, used 23901K [0x00000000d5580000, 0x00000000d7280000, 0x0000000100000000)
  eden space 23040K, 100% used [0x00000000d5580000,0x00000000d6c00000,0x00000000d6c00000)
  from space 1024K, 84% used [0x00000000d7180000,0x00000000d7257420,0x00000000d7280000)
  to   space 1536K, 0% used [0x00000000d6f80000,0x00000000d6f80000,0x00000000d7100000)
 ParOldGen       total 68608K, used 14671K [0x0000000080000000, 0x0000000084300000, 0x00000000d5580000)
  object space 68608K, 21% used [0x0000000080000000,0x0000000080e53f60,0x0000000084300000)
 Metaspace       used 30656K, committed 31680K, reserved 1114112K
  class space    used 3131K, committed 3520K, reserved 1048576K
}
Event: 91.642 GC heap after
{Heap after GC invocations=12 (full 1):
 PSYoungGen      total 23552K, used 998K [0x00000000d5580000, 0x00000000d7200000, 0x0000000100000000)
  eden space 22528K, 0% used [0x00000000d5580000,0x00000000d5580000,0x00000000d6b80000)
  from space 1024K, 97% used [0x00000000d6f80000,0x00000000d7079b50,0x00000000d7080000)
  to   space 1536K, 0% used [0x00000000d7080000,0x00000000d7080000,0x00000000d7200000)
 ParOldGen       total 68608K, used 16830K [0x0000000080000000, 0x0000000084300000, 0x00000000d5580000)
  object space 68608K, 24% used [0x0000000080000000,0x000000008106fa68,0x0000000084300000)
 Metaspace       used 30656K, committed 31680K, reserved 1114112K
  class space    used 3131K, committed 3520K, reserved 1048576K
}

Dll operation events (10 events):
Event: 2.024 Loaded shared library c:\Users\Nguyen Van Manh\.antigravity-ide\extensions\redhat.java-1.55.0-win32-x64\jre\21.0.11-win32-x86_64\bin\java.dll
Event: 2.435 Loaded shared library c:\Users\Nguyen Van Manh\.antigravity-ide\extensions\redhat.java-1.55.0-win32-x64\jre\21.0.11-win32-x86_64\bin\zip.dll
Event: 2.506 Loaded shared library C:\Users\Nguyen Van Manh\.antigravity-ide\extensions\redhat.java-1.55.0-win32-x64\jre\21.0.11-win32-x86_64\bin\instrument.dll
Event: 2.895 Loaded shared library C:\Users\Nguyen Van Manh\.antigravity-ide\extensions\redhat.java-1.55.0-win32-x64\jre\21.0.11-win32-x86_64\bin\net.dll
Event: 3.289 Loaded shared library C:\Users\Nguyen Van Manh\.antigravity-ide\extensions\redhat.java-1.55.0-win32-x64\jre\21.0.11-win32-x86_64\bin\nio.dll
Event: 3.321 Loaded shared library C:\Users\Nguyen Van Manh\.antigravity-ide\extensions\redhat.java-1.55.0-win32-x64\jre\21.0.11-win32-x86_64\bin\zip.dll
Event: 3.419 Loaded shared library C:\Users\Nguyen Van Manh\.antigravity-ide\extensions\redhat.java-1.55.0-win32-x64\jre\21.0.11-win32-x86_64\bin\jimage.dll
Event: 3.806 Loaded shared library c:\Users\Nguyen Van Manh\.antigravity-ide\extensions\redhat.java-1.55.0-win32-x64\jre\21.0.11-win32-x86_64\bin\verify.dll
Event: 39.655 Loaded shared library C:\Users\Nguyen Van Manh\AppData\Roaming\Antigravity IDE\User\globalStorage\redhat.java\1.55.0\config_win\org.eclipse.equinox.launcher\org.eclipse.equinox.launcher.win32.win32.x86_64_1.3.100.v20260613-0559\eclipse_11924.dll
Event: 86.407 Loaded shared library C:\Users\Nguyen Van Manh\AppData\Local\Temp\jna--758863707\jna2032631893982657532.dll

Deoptimization events (20 events):
Event: 90.909 Thread 0x0000015354c6fdf0 DEOPT PACKING pc=0x000001530055435c sp=0x0000001a6aaf4da0
Event: 90.909 Thread 0x0000015354c6fdf0 DEOPT UNPACKING pc=0x00000153074a4242 sp=0x0000001a6aaf4338 mode 0
Event: 91.096 Thread 0x0000015354c6fdf0 DEOPT PACKING pc=0x000001530014c7b9 sp=0x0000001a6aaf0080
Event: 91.096 Thread 0x0000015354c6fdf0 DEOPT UNPACKING pc=0x00000153074a4242 sp=0x0000001a6aaef580 mode 0
Event: 91.506 Thread 0x0000015354b89040 Uncommon trap: trap_request=0xffffff45 fr.pc=0x0000015307c62850 relative=0x0000000000000890
Event: 91.506 Thread 0x0000015354b89040 Uncommon trap: reason=unstable_if action=reinterpret pc=0x0000015307c62850 method=jdk.internal.org.objectweb.asm.SymbolTable.put(Ljdk/internal/org/objectweb/asm/SymbolTable$Entry;)Ljdk/internal/org/objectweb/asm/SymbolTable$Entry; @ 13 c2
Event: 91.506 Thread 0x0000015354b89040 DEOPT PACKING pc=0x0000015307c62850 sp=0x0000001a6b2fdad0
Event: 91.507 Thread 0x0000015354b89040 DEOPT UNPACKING pc=0x00000153074a3aa2 sp=0x0000001a6b2fd9e8 mode 2
Event: 91.580 Thread 0x0000015354b89040 Uncommon trap: trap_request=0xffffff45 fr.pc=0x0000015307d97ae0 relative=0x00000000000000c0
Event: 91.580 Thread 0x0000015354b89040 Uncommon trap: reason=unstable_if action=reinterpret pc=0x0000015307d97ae0 method=org.codehaus.plexus.util.xml.pull.MXParser.more()C @ 8 c2
Event: 91.581 Thread 0x0000015354b89040 DEOPT PACKING pc=0x0000015307d97ae0 sp=0x0000001a6b2fe6d0
Event: 91.581 Thread 0x0000015354b89040 DEOPT UNPACKING pc=0x00000153074a3aa2 sp=0x0000001a6b2fe660 mode 2
Event: 91.615 Thread 0x0000015354b89040 Uncommon trap: trap_request=0xffffff45 fr.pc=0x0000015307cf5cd4 relative=0x0000000000000134
Event: 91.615 Thread 0x0000015354b89040 Uncommon trap: reason=unstable_if action=reinterpret pc=0x0000015307cf5cd4 method=java.util.ArrayList.indexOfRange(Ljava/lang/Object;II)I @ 7 c2
Event: 91.615 Thread 0x0000015354b89040 DEOPT PACKING pc=0x0000015307cf5cd4 sp=0x0000001a6b2fe740
Event: 91.615 Thread 0x0000015354b89040 DEOPT UNPACKING pc=0x00000153074a3aa2 sp=0x0000001a6b2fe600 mode 2
Event: 91.635 Thread 0x0000015354b89040 Uncommon trap: trap_request=0xffffff45 fr.pc=0x0000015307ce39b0 relative=0x0000000000000110
Event: 91.635 Thread 0x0000015354b89040 Uncommon trap: reason=unstable_if action=reinterpret pc=0x0000015307ce39b0 method=java.util.ArrayList.indexOfRange(Ljava/lang/Object;II)I @ 7 c2
Event: 91.635 Thread 0x0000015354b89040 DEOPT PACKING pc=0x0000015307ce39b0 sp=0x0000001a6b2fe6a0
Event: 91.635 Thread 0x0000015354b89040 DEOPT UNPACKING pc=0x00000153074a3aa2 sp=0x0000001a6b2fe620 mode 2

Classes loaded (20 events):
Event: 91.315 Loading class sun/reflect/annotation/AnnotatedTypeFactory
Event: 91.315 Loading class sun/reflect/annotation/AnnotatedTypeFactory done
Event: 91.315 Loading class sun/reflect/annotation/AnnotatedTypeFactory$AnnotatedTypeBaseImpl
Event: 91.316 Loading class sun/reflect/annotation/AnnotatedTypeFactory$AnnotatedTypeBaseImpl done
Event: 91.407 Loading class java/lang/annotation/ElementType
Event: 91.408 Loading class java/lang/annotation/ElementType done
Event: 91.444 Loading class java/lang/reflect/ParameterizedType
Event: 91.444 Loading class java/lang/reflect/ParameterizedType done
Event: 91.449 Loading class java/lang/reflect/WildcardType
Event: 91.450 Loading class java/lang/reflect/WildcardType done
Event: 91.453 Loading class sun/reflect/generics/tree/TypeVariableSignature
Event: 91.453 Loading class sun/reflect/generics/tree/TypeVariableSignature done
Event: 91.474 Loading class java/lang/Deprecated
Event: 91.475 Loading class java/lang/Deprecated done
Event: 91.566 Loading class org/w3c/dom/DOMException
Event: 91.566 Loading class org/w3c/dom/DOMException done
Event: 91.566 Loading class java/lang/annotation/IncompleteAnnotationException
Event: 91.566 Loading class java/lang/annotation/IncompleteAnnotationException done
Event: 91.644 Loading class java/lang/foreign/MemorySegment
Event: 91.645 Loading class java/lang/foreign/MemorySegment done

Classes unloaded (7 events):
Event: 88.383 Thread 0x000001537d8d49b0 Unloading class 0x00000153141ad400 'java/lang/invoke/LambdaForm$MH+0x00000153141ad400'
Event: 88.385 Thread 0x000001537d8d49b0 Unloading class 0x00000153141ad000 'java/lang/invoke/LambdaForm$MH+0x00000153141ad000'
Event: 88.385 Thread 0x000001537d8d49b0 Unloading class 0x00000153141acc00 'java/lang/invoke/LambdaForm$MH+0x00000153141acc00'
Event: 88.385 Thread 0x000001537d8d49b0 Unloading class 0x00000153141ac800 'java/lang/invoke/LambdaForm$MH+0x00000153141ac800'
Event: 88.385 Thread 0x000001537d8d49b0 Unloading class 0x00000153141ac400 'java/lang/invoke/LambdaForm$BMH+0x00000153141ac400'
Event: 88.385 Thread 0x000001537d8d49b0 Unloading class 0x00000153141ac000 'java/lang/invoke/LambdaForm$DMH+0x00000153141ac000'
Event: 88.385 Thread 0x000001537d8d49b0 Unloading class 0x00000153141aac00 'java/lang/invoke/LambdaForm$DMH+0x00000153141aac00'

Classes redefined (0 events):
No events

Internal exceptions (20 events):
Event: 88.719 Thread 0x0000015354c6fdf0 Exception <a 'java/lang/NoSuchMethodError'{0x00000000d5771f40}: 'int java.lang.invoke.DirectMethodHandle$Holder.invokeStaticInit(java.lang.Object, double, double)'> (0x00000000d5771f40) 
thrown [s\src\hotspot\share\interpreter\linkResolver.cpp, line 773]
Event: 88.720 Thread 0x0000015354c6fdf0 Exception <a 'java/lang/NoSuchMethodError'{0x00000000d5777358}: 'int java.lang.invoke.DirectMethodHandle$Holder.invokeStatic(java.lang.Object, long)'> (0x00000000d5777358) 
thrown [s\src\hotspot\share\interpreter\linkResolver.cpp, line 773]
Event: 88.724 Thread 0x0000015354c6fdf0 Exception <a 'java/lang/NoSuchMethodError'{0x00000000d5796040}: 'int java.lang.invoke.Invokers$Holder.linkToTargetMethod(java.lang.Object, java.lang.Object)'> (0x00000000d5796040) 
thrown [s\src\hotspot\share\interpreter\linkResolver.cpp, line 773]
Event: 88.771 Thread 0x0000015354c6fdf0 Exception <a 'java/lang/NoSuchMethodError'{0x00000000d585cfa8}: 'java.lang.Object java.lang.invoke.DirectMethodHandle$Holder.newInvokeSpecial(java.lang.Object, java.lang.Object, java.lang.Object, java.lang.Object, java.lang.Object)'> (0x00000000d585cfa8) 
thrown [s\src\hotspot\share\interpreter\linkResolver.cpp, line 773]
Event: 88.777 Thread 0x0000015354c6fdf0 Exception <a 'java/lang/NoSuchMethodError'{0x00000000d587f440}: 'java.lang.Object java.lang.invoke.Invokers$Holder.invoke_MT(java.lang.Object, java.lang.Object, java.lang.Object, java.lang.Object, java.lang.Object, java.lang.Object, java.lang.Object, java.lang.Object, java.lang.Object, java.lang.Object, java.lang.Object)'> (0x00000000d587f440) 
thrown [s\src\hotspot\share\interpreter\linkResolver.cpp, line 773]
Event: 88.780 Thread 0x0000015354c6fdf0 Implicit null exception at 0x0000015307ca78bd to 0x0000015307ca7932
Event: 88.800 Thread 0x0000015354c6fdf0 Exception <a 'java/lang/NoSuchMethodError'{0x00000000d590bd68}: 'java.lang.Object java.lang.invoke.Invokers$Holder.invoke_MT(java.lang.Object, java.lang.Object, java.lang.Object, java.lang.Object, java.lang.Object, java.lang.Object, java.lang.Object, java.lang.Object, java.lang.Object, java.lang.Object)'> (0x00000000d590bd68) 
thrown [s\src\hotspot\share\interpreter\linkResolver.cpp, line 773]
Event: 88.829 Thread 0x0000015354c6fdf0 Exception <a 'java/lang/NoSuchMethodError'{0x00000000d59abdc8}: 'java.lang.Object java.lang.invoke.DirectMethodHandle$Holder.newInvokeSpecial(java.lang.Object, java.lang.Object, java.lang.Object, java.lang.Object, java.lang.Object, java.lang.Object, java.lang.Object)'> (0x00000000d59abdc8) 
thrown [s\src\hotspot\share\interpreter\linkResolver.cpp, line 773]
Event: 88.845 Thread 0x0000015354c6fdf0 Exception <a 'java/lang/NoSuchMethodError'{0x00000000d5a240c0}: 'java.lang.Object java.lang.invoke.Invokers$Holder.invoker(java.lang.Object, java.lang.Object, java.lang.Object, java.lang.Object, java.lang.Object, java.lang.Object, java.lang.Object, java.lang.Object, java.lang.Object, java.lang.Object, java.lang.Object, java.lang.Object, java.lang.Object)'> (0x00000000d5a240c0) 
thrown [s\src\hotspot\share\interpreter\linkResolver.cpp, line 773]
Event: 88.846 Thread 0x0000015354c6fdf0 Exception <a 'java/lang/NoSuchMethodError'{0x00000000d5a2e558}: 'java.lang.Object java.lang.invoke.DelegatingMethodHandle$Holder.delegate(java.lang.Object, java.lang.Object, java.lang.Object, java.lang.Object, java.lang.Object, java.lang.Object, java.lang.Object, java.lang.Object, java.lang.Object, java.lang.Object, java.lang.Object, java.lang.Object, java.lang.Object)'> (0x00000000d5a2e558) 
thrown [s\src\hotspot\share\interpreter\linkResolver.cpp, line 773]
Event: 88.857 Thread 0x0000015354c6fdf0 Exception <a 'java/lang/NoSuchMethodError'{0x00000000d5a96120}: static Lorg/eclipse/m2e/core/internal/lifecyclemapping/model/PluginExecutionMetadata;.<clinit>()V> (0x00000000d5a96120) 
thrown [s\src\hotspot\share\prims\jni.cpp, line 1111]
Event: 88.869 Thread 0x0000015354c6fdf0 Exception <a 'java/lang/NoSuchMethodError'{0x00000000d5af6200}: static Lorg/eclipse/m2e/core/internal/lifecyclemapping/model/PluginExecutionFilter;.<clinit>()V> (0x00000000d5af6200) 
thrown [s\src\hotspot\share\prims\jni.cpp, line 1111]
Event: 88.876 Thread 0x0000015354c6fdf0 Exception <a 'java/lang/NoSuchMethodError'{0x00000000d5b2c1f8}: static Lorg/eclipse/m2e/core/internal/project/registry/MavenProjectFacade$MavenProjectConfiguration;.<clinit>()V> (0x00000000d5b2c1f8) 
thrown [s\src\hotspot\share\prims\jni.cpp, line 1111]
Event: 89.237 Thread 0x0000015354c6fdf0 Exception <a 'java/lang/NoSuchMethodError'{0x00000000d614f2f0}: 'double java.lang.invoke.DirectMethodHandle$Holder.invokeStatic(java.lang.Object, java.lang.Object)'> (0x00000000d614f2f0) 
thrown [s\src\hotspot\share\interpreter\linkResolver.cpp, line 773]
Event: 89.238 Thread 0x0000015354c6fdf0 Exception <a 'java/lang/NoSuchMethodError'{0x00000000d61529b0}: 'double java.lang.invoke.DirectMethodHandle$Holder.invokeStaticInit(java.lang.Object, java.lang.Object)'> (0x00000000d61529b0) 
thrown [s\src\hotspot\share\interpreter\linkResolver.cpp, line 773]
Event: 91.088 Thread 0x0000015354b89040 Exception <a 'java/lang/NoSuchMethodError'{0x00000000d67b8f68}: 'java.lang.Object java.lang.invoke.DirectMethodHandle$Holder.invokeSpecialIFC(java.lang.Object, java.lang.Object, java.lang.Object, java.lang.Object)'> (0x00000000d67b8f68) 
thrown [s\src\hotspot\share\interpreter\linkResolver.cpp, line 773]
Event: 91.497 Thread 0x0000015354c6fdf0 Exception <a 'java/lang/NoSuchMethodError'{0x00000000d659a050}: 'java.lang.Object java.lang.invoke.DirectMethodHandle$Holder.newInvokeSpecial(java.lang.Object, int, java.lang.Object, java.lang.Object)'> (0x00000000d659a050) 
thrown [s\src\hotspot\share\interpreter\linkResolver.cpp, line 773]
Event: 91.502 Thread 0x0000015354c6fdf0 Exception <a 'java/io/FileNotFoundException'{0x00000000d65aff40}> (0x00000000d65aff40) 
thrown [s\src\hotspot\share\prims\jni.cpp, line 520]
Event: 91.503 Thread 0x0000015354c6fdf0 Exception <a 'java/io/FileNotFoundException'{0x00000000d65b0fb8}> (0x00000000d65b0fb8) 
thrown [s\src\hotspot\share\prims\jni.cpp, line 520]
Event: 91.567 Thread 0x0000015354b89040 Exception <a 'java/lang/NoClassDefFoundError'{0x00000000d682ba80}: javax/enterprise/inject/Typed> (0x00000000d682ba80) 
thrown [s\src\hotspot\share\classfile\systemDictionary.cpp, line 302]

ZGC Phase Switch (0 events):
No events

VM Operations (20 events):
Event: 88.639 Executing safepoint VM operation: CollectForMetadataAllocation (Metadata GC Threshold) done
Event: 88.683 Executing non-safepoint VM operation: HandshakeAllThreads (Deoptimize)
Event: 88.683 Executing non-safepoint VM operation: HandshakeAllThreads (Deoptimize) done
Event: 89.123 Executing non-safepoint VM operation: HandshakeAllThreads (Deoptimize)
Event: 89.123 Executing non-safepoint VM operation: HandshakeAllThreads (Deoptimize) done
Event: 89.412 Executing safepoint VM operation: ParallelGCFailedAllocation (Allocation Failure)
Event: 89.416 Executing safepoint VM operation: ParallelGCFailedAllocation (Allocation Failure) done
Event: 90.897 Executing non-safepoint VM operation: HandshakeAllThreads (Deoptimize)
Event: 90.897 Executing non-safepoint VM operation: HandshakeAllThreads (Deoptimize) done
Event: 90.897 Executing safepoint VM operation: Cleanup
Event: 90.897 Executing safepoint VM operation: Cleanup done
Event: 91.154 Executing safepoint VM operation: ParallelGCFailedAllocation (Allocation Failure)
Event: 91.158 Executing safepoint VM operation: ParallelGCFailedAllocation (Allocation Failure) done
Event: 91.380 Executing safepoint VM operation: ParallelGCFailedAllocation (Allocation Failure)
Event: 91.384 Executing safepoint VM operation: ParallelGCFailedAllocation (Allocation Failure) done
Event: 91.546 Executing non-safepoint VM operation: HandshakeAllThreads (Deoptimize)
Event: 91.547 Executing non-safepoint VM operation: HandshakeAllThreads (Deoptimize) done
Event: 91.637 Executing safepoint VM operation: ParallelGCFailedAllocation (Allocation Failure)
Event: 91.642 Executing safepoint VM operation: ParallelGCFailedAllocation (Allocation Failure) done
Event: 92.654 Executing safepoint VM operation: Cleanup

Memory protections (0 events):
No events

Nmethod flushes (0 events):
No events

Events (20 events):
Event: 2.350 Thread 0x0000015379e44f00 Thread added: 0x0000015379ee8c40
Event: 2.351 Thread 0x0000015379e44f00 Thread added: 0x0000015379ee9f70
Event: 2.351 Thread 0x0000015379e44f00 Thread added: 0x0000015379eea9d0
Event: 2.352 Thread 0x0000015379e44f00 Thread added: 0x0000015379eeca20
Event: 2.353 Thread 0x0000015379e44f00 Thread added: 0x0000015379ef7820
Event: 2.354 Thread 0x0000015379e44f00 Thread added: 0x0000015379efe040
Event: 2.354 Thread 0x0000015379e44f00 Thread added: 0x000001537ecb6b40
Event: 2.515 Thread 0x0000015379e44f00 Thread added: 0x000001537ee5d620
Event: 4.036 Thread 0x0000015379e44f00 Thread added: 0x000001537eff8d30
Event: 8.391 Thread 0x0000015379e44f00 Thread added: 0x0000015359049520
Event: 39.400 Thread 0x0000015379e44f00 Thread added: 0x0000015354dd7c10
Event: 40.378 Thread 0x0000015354dd7c10 Thread added: 0x0000015354c6f780
Event: 40.414 Thread 0x0000015379e44f00 Thread added: 0x0000015354c6fdf0
Event: 53.151 Thread 0x0000015354c6fdf0 Thread added: 0x0000015354773d10
Event: 80.220 Thread 0x0000015354c6fdf0 Thread added: 0x0000015359430ea0
Event: 83.414 Thread 0x0000015354c6fdf0 Thread added: 0x00000153546efc00
Event: 86.482 Thread 0x0000015354c6fdf0 Thread added: 0x000001537efae030
Event: 86.839 Thread 0x0000015354c6fdf0 Thread added: 0x0000015354b89040
Event: 86.900 Thread 0x0000015354c6fdf0 Thread added: 0x0000015354b87c90
Event: 87.168 Thread 0x0000015354b87c90 Thread added: 0x0000015354b8b110


Dynamic libraries:
0x00007ff7f4170000 - 0x00007ff7f417e000 	c:\Users\Nguyen Van Manh\.antigravity-ide\extensions\redhat.java-1.55.0-win32-x64\jre\21.0.11-win32-x86_64\bin\java.exe
0x00007fff17440000 - 0x00007fff176a6000 	C:\WINDOWS\SYSTEM32\ntdll.dll
0x00007fff156c0000 - 0x00007fff15789000 	C:\WINDOWS\System32\KERNEL32.DLL
0x00007fff14d60000 - 0x00007fff1515e000 	C:\WINDOWS\System32\KERNELBASE.dll
0x00007fff14b10000 - 0x00007fff14c5c000 	C:\WINDOWS\System32\ucrtbase.dll
0x00007ffedb870000 - 0x00007ffedb888000 	c:\Users\Nguyen Van Manh\.antigravity-ide\extensions\redhat.java-1.55.0-win32-x64\jre\21.0.11-win32-x86_64\bin\jli.dll
0x00007ffedb890000 - 0x00007ffedb8ae000 	c:\Users\Nguyen Van Manh\.antigravity-ide\extensions\redhat.java-1.55.0-win32-x64\jre\21.0.11-win32-x86_64\bin\VCRUNTIME140.dll
0x00007fff15790000 - 0x00007fff15957000 	C:\WINDOWS\System32\USER32.dll
0x00007ffeff6c0000 - 0x00007ffeff952000 	C:\WINDOWS\WinSxS\amd64_microsoft.windows.common-controls_6595b64144ccf1df_6.0.26100.8875_none_3e0d5d42e32fe9dd\COMCTL32.dll
0x00007fff14d30000 - 0x00007fff14d57000 	C:\WINDOWS\System32\win32u.dll
0x00007fff16480000 - 0x00007fff16529000 	C:\WINDOWS\System32\msvcrt.dll
0x00007fff17180000 - 0x00007fff171ab000 	C:\WINDOWS\System32\GDI32.dll
0x00007fff14930000 - 0x00007fff14a5a000 	C:\WINDOWS\System32\gdi32full.dll
0x00007fff14a60000 - 0x00007fff14b03000 	C:\WINDOWS\System32\msvcp_win.dll
0x00007fff17330000 - 0x00007fff17362000 	C:\WINDOWS\System32\IMM32.DLL
0x00007ffee09b0000 - 0x00007ffee09bc000 	c:\Users\Nguyen Van Manh\.antigravity-ide\extensions\redhat.java-1.55.0-win32-x64\jre\21.0.11-win32-x86_64\bin\vcruntime140_1.dll
0x00007ffe9fc50000 - 0x00007ffe9fcdd000 	c:\Users\Nguyen Van Manh\.antigravity-ide\extensions\redhat.java-1.55.0-win32-x64\jre\21.0.11-win32-x86_64\bin\msvcp140.dll
0x00007ffe9dfe0000 - 0x00007ffe9ed82000 	c:\Users\Nguyen Van Manh\.antigravity-ide\extensions\redhat.java-1.55.0-win32-x64\jre\21.0.11-win32-x86_64\bin\server\jvm.dll
0x00007fff15600000 - 0x00007fff156b7000 	C:\WINDOWS\System32\ADVAPI32.dll
0x00007fff163d0000 - 0x00007fff1647a000 	C:\WINDOWS\System32\sechost.dll
0x00007fff15bf0000 - 0x00007fff15d08000 	C:\WINDOWS\System32\RPCRT4.dll
0x00007fff15d30000 - 0x00007fff15db0000 	C:\WINDOWS\System32\WS2_32.dll
0x00007fff09ba0000 - 0x00007fff09bd6000 	C:\WINDOWS\SYSTEM32\WINMM.dll
0x00007fff0c210000 - 0x00007fff0c21b000 	C:\WINDOWS\SYSTEM32\VERSION.dll
0x00007fff144c0000 - 0x00007fff1451e000 	C:\WINDOWS\SYSTEM32\POWRPROF.dll
0x00007fff144a0000 - 0x00007fff144b4000 	C:\WINDOWS\SYSTEM32\UMPDC.dll
0x00007fff13340000 - 0x00007fff1335b000 	C:\WINDOWS\SYSTEM32\kernel.appcore.dll
0x00007ffedcfa0000 - 0x00007ffedcfaa000 	c:\Users\Nguyen Van Manh\.antigravity-ide\extensions\redhat.java-1.55.0-win32-x64\jre\21.0.11-win32-x86_64\bin\jimage.dll
0x00007fff11660000 - 0x00007fff118a2000 	C:\WINDOWS\SYSTEM32\DBGHELP.DLL
0x00007fff15f60000 - 0x00007fff162e3000 	C:\WINDOWS\System32\combase.dll
0x00007fff162f0000 - 0x00007fff163c9000 	C:\WINDOWS\System32\OLEAUT32.dll
0x00007ffee6cb0000 - 0x00007ffee6ceb000 	C:\WINDOWS\SYSTEM32\dbgcore.DLL
0x00007fff147e0000 - 0x00007fff1488c000 	C:\WINDOWS\System32\bcryptPrimitives.dll
0x00007ffedca90000 - 0x00007ffedca9f000 	c:\Users\Nguyen Van Manh\.antigravity-ide\extensions\redhat.java-1.55.0-win32-x64\jre\21.0.11-win32-x86_64\bin\instrument.dll
0x00007ffeb6370000 - 0x00007ffeb6390000 	c:\Users\Nguyen Van Manh\.antigravity-ide\extensions\redhat.java-1.55.0-win32-x64\jre\21.0.11-win32-x86_64\bin\java.dll
0x00007fff16880000 - 0x00007fff17012000 	C:\WINDOWS\System32\SHELL32.dll
0x00007fff12120000 - 0x00007fff129b2000 	C:\WINDOWS\SYSTEM32\windows.storage.dll
0x00007fff17230000 - 0x00007fff17327000 	C:\WINDOWS\System32\SHCORE.dll
0x00007fff17020000 - 0x00007fff17087000 	C:\WINDOWS\System32\shlwapi.dll
0x00007fff14580000 - 0x00007fff145a9000 	C:\WINDOWS\SYSTEM32\profapi.dll
0x00007ffeb6350000 - 0x00007ffeb6368000 	c:\Users\Nguyen Van Manh\.antigravity-ide\extensions\redhat.java-1.55.0-win32-x64\jre\21.0.11-win32-x86_64\bin\zip.dll
0x00007ffedb860000 - 0x00007ffedb870000 	C:\Users\Nguyen Van Manh\.antigravity-ide\extensions\redhat.java-1.55.0-win32-x64\jre\21.0.11-win32-x86_64\bin\net.dll
0x00007fff0df60000 - 0x00007fff0e087000 	C:\WINDOWS\SYSTEM32\WINHTTP.dll
0x00007fff138f0000 - 0x00007fff1395c000 	C:\WINDOWS\system32\mswsock.dll
0x00007ffea7cd0000 - 0x00007ffea7ce6000 	C:\Users\Nguyen Van Manh\.antigravity-ide\extensions\redhat.java-1.55.0-win32-x64\jre\21.0.11-win32-x86_64\bin\nio.dll
0x00007ffed2cd0000 - 0x00007ffed2ce0000 	c:\Users\Nguyen Van Manh\.antigravity-ide\extensions\redhat.java-1.55.0-win32-x64\jre\21.0.11-win32-x86_64\bin\verify.dll
0x00007fff0f1f0000 - 0x00007fff0f235000 	C:\Users\Nguyen Van Manh\AppData\Roaming\Antigravity IDE\User\globalStorage\redhat.java\1.55.0\config_win\org.eclipse.equinox.launcher\org.eclipse.equinox.launcher.win32.win32.x86_64_1.3.100.v20260613-0559\eclipse_11924.dll
0x00007fff15dc0000 - 0x00007fff15f59000 	C:\WINDOWS\System32\ole32.dll
0x00007fff13bf0000 - 0x00007fff13c0b000 	C:\WINDOWS\SYSTEM32\CRYPTSP.dll
0x00007fff132a0000 - 0x00007fff132d9000 	C:\WINDOWS\system32\rsaenh.dll
0x00007fff139b0000 - 0x00007fff139e2000 	C:\WINDOWS\SYSTEM32\USERENV.dll
0x00007fff14550000 - 0x00007fff1457a000 	C:\WINDOWS\SYSTEM32\bcrypt.dll
0x00007fff13c10000 - 0x00007fff13c1c000 	C:\WINDOWS\SYSTEM32\CRYPTBASE.dll
0x00007fff12d60000 - 0x00007fff12d93000 	C:\WINDOWS\SYSTEM32\IPHLPAPI.DLL
0x00007fff15b00000 - 0x00007fff15b0a000 	C:\WINDOWS\System32\NSI.dll
0x00007fff03ef0000 - 0x00007fff03f39000 	C:\Users\Nguyen Van Manh\AppData\Local\Temp\jna--758863707\jna2032631893982657532.dll
0x00007fff17120000 - 0x00007fff17128000 	C:\WINDOWS\System32\PSAPI.DLL

JVMTI agents:
c:\Users\Nguyen Van Manh\.antigravity-ide\extensions\redhat.java-1.55.0-win32-x64\lombok\lombok-1.18.39-4050.jar path:c:\Users\Nguyen Van Manh\.antigravity-ide\extensions\redhat.java-1.55.0-win32-x64\jre\21.0.11-win32-x86_64\bin\instrument.dll, loaded, initialized, instrumentlib options:none

dbghelp: loaded successfully - version: 4.0.5 - missing functions: none
symbol engine: initialized successfully - sym options: 0x614 - pdb path: .;c:\Users\Nguyen Van Manh\.antigravity-ide\extensions\redhat.java-1.55.0-win32-x64\jre\21.0.11-win32-x86_64\bin;C:\WINDOWS\SYSTEM32;C:\WINDOWS\WinSxS\amd64_microsoft.windows.common-controls_6595b64144ccf1df_6.0.26100.8875_none_3e0d5d42e32fe9dd;c:\Users\Nguyen Van Manh\.antigravity-ide\extensions\redhat.java-1.55.0-win32-x64\jre\21.0.11-win32-x86_64\bin\server;C:\Users\Nguyen Van Manh\AppData\Roaming\Antigravity IDE\User\globalStorage\redhat.java\1.55.0\config_win\org.eclipse.equinox.launcher\org.eclipse.equinox.launcher.win32.win32.x86_64_1.3.100.v20260613-0559;C:\Users\Nguyen Van Manh\AppData\Local\Temp\jna--758863707

VM Arguments:
jvm_args: --add-modules=ALL-SYSTEM --add-opens=java.base/java.util=ALL-UNNAMED --add-opens=java.base/java.lang=ALL-UNNAMED --add-opens=java.base/sun.nio.fs=ALL-UNNAMED -Declipse.application=org.eclipse.jdt.ls.core.id1 -Dosgi.bundles.defaultStartLevel=4 -Declipse.product=org.eclipse.jdt.ls.core.product -Djava.import.generatesMetadataFilesAtProjectRoot=false -DDetectVMInstallationsJob.disabled=true -Dfile.encoding=utf8 -XX:+UseParallelGC -XX:GCTimeRatio=4 -XX:AdaptiveSizePolicyWeight=90 -Dsun.zip.disableMemoryMapping=true -Xmx2G -Xms100m -Xlog:disable -javaagent:c:\Users\Nguyen Van Manh\.antigravity-ide\extensions\redhat.java-1.55.0-win32-x64\lombok\lombok-1.18.39-4050.jar -XX:+HeapDumpOnOutOfMemoryError -XX:HeapDumpPath=c:\Users\Nguyen Van Manh\AppData\Roaming\Antigravity IDE\User\workspaceStorage\cd29283c2ecb26fd1d90bb35446c8b77\redhat.java -Daether.dependencyCollector.impl=bf 
java_command: c:\Users\Nguyen Van Manh\.antigravity-ide\extensions\redhat.java-1.55.0-win32-x64\server\plugins\org.eclipse.equinox.launcher_1.7.200.v20260619-2039.jar -configuration c:\Users\Nguyen Van Manh\AppData\Roaming\Antigravity IDE\User\globalStorage\redhat.java\1.55.0\config_win -data c:\Users\Nguyen Van Manh\AppData\Roaming\Antigravity IDE\User\workspaceStorage\cd29283c2ecb26fd1d90bb35446c8b77\redhat.java\jdt_ws --pipe=\\.\pipe\lsp-6cf37b76bf684e297ce566c00b1a1f37-sock
java_class_path (initial): c:\Users\Nguyen Van Manh\.antigravity-ide\extensions\redhat.java-1.55.0-win32-x64\server\plugins\org.eclipse.equinox.launcher_1.7.200.v20260619-2039.jar
Launcher Type: SUN_STANDARD

[Global flags]
    uintx AdaptiveSizePolicyWeight                 = 90                                        {product} {command line}
     intx CICompilerCount                          = 12                                        {product} {ergonomic}
    uintx GCTimeRatio                              = 4                                         {product} {command line}
     bool HeapDumpOnOutOfMemoryError               = true                                   {manageable} {command line}
    ccstr HeapDumpPath                             = c:\Users\Nguyen Van Manh\AppData\Roaming\Antigravity IDE\User\workspaceStorage\cd29283c2ecb26fd1d90bb35446c8b77\redhat.java         {manageable} {command line}
   size_t InitialHeapSize                          = 104857600                                 {product} {command line}
   size_t MaxHeapSize                              = 2147483648                                {product} {command line}
   size_t MaxNewSize                               = 715653120                                 {product} {ergonomic}
   size_t MinHeapDeltaBytes                        = 524288                                    {product} {ergonomic}
   size_t MinHeapSize                              = 104857600                                 {product} {command line}
   size_t NewSize                                  = 34603008                                  {product} {ergonomic}
    uintx NonNMethodCodeHeapSize                   = 7602480                                {pd product} {ergonomic}
    uintx NonProfiledCodeHeapSize                  = 122027880                              {pd product} {ergonomic}
   size_t OldSize                                  = 70254592                                  {product} {ergonomic}
    uintx ProfiledCodeHeapSize                     = 122027880                              {pd product} {ergonomic}
    uintx ReservedCodeCacheSize                    = 251658240                              {pd product} {ergonomic}
     bool SegmentedCodeCache                       = true                                      {product} {ergonomic}
   size_t SoftMaxHeapSize                          = 2147483648                             {manageable} {ergonomic}
     bool UseCompressedOops                        = true                           {product lp64_product} {ergonomic}
     bool UseLargePagesIndividualAllocation        = false                                  {pd product} {ergonomic}
     bool UseParallelGC                            = true                                      {product} {command line}

Logging:
Log output configuration:
 #0: stdout all=off uptime,level,tags foldmultilines=false
 #1: stderr all=off uptime,level,tags foldmultilines=false

Release file:
JAVA_VERSION="21.0.11" 
MODULES="java.base java.compiler java.datatransfer java.xml java.prefs java.desktop java.instrument java.logging java.management java.security.sasl java.naming java.rmi java.management.rmi java.net.http java.scripting java.security.jgss java.transaction.xa java.sql java.sql.rowset java.xml.crypto java.se java.smartcardio jdk.accessibility jdk.internal.jvmstat jdk.attach jdk.charsets jdk.internal.opt jdk.zipfs jdk.compiler jdk.crypto.ec jdk.crypto.cryptoki jdk.crypto.mscapi jdk.dynalink jdk.internal.ed jdk.editpad jdk.hotspot.agent jdk.httpserver jdk.internal.le jdk.internal.vm.ci jdk.internal.vm.compiler jdk.internal.vm.compiler.management jdk.jartool jdk.javadoc jdk.jcmd jdk.management jdk.management.agent jdk.jconsole jdk.jdeps jdk.jdwp.agent jdk.jdi jdk.jfr jdk.jshell jdk.jsobject jdk.jstatd jdk.localedata jdk.management.jfr jdk.naming.dns jdk.naming.rmi jdk.net jdk.nio.mapmode jdk.random jdk.sctp jdk.security.auth jdk.security.jgss jdk.unsupported jdk.unsupported.desktop jdk.xml.dom" 

Environment Variables:
JAVA_HOME=C:\Program Files\Java\jdk-17
PATH=C:\Python314\Scripts\;C:\Python314\;C:\Program Files\Java\jdk-17\bin;C:\WINDOWS\system32;C:\WINDOWS;C:\WINDOWS\System32\Wbem;C:\WINDOWS\System32\WindowsPowerShell\v1.0\;C:\WINDOWS\System32\OpenSSH\;C:\Program Files (x86)\Microsoft SQL Server\160\Tools\Binn\;C:\Program Files\Microsoft SQL Server\160\Tools\Binn\;C:\Program Files\Microsoft SQL Server\Client SDK\ODBC\170\Tools\Binn\;C:\Program Files\Microsoft SQL Server\160\DTS\Binn\;C:\Program Files (x86)\Microsoft SQL Server\160\DTS\Binn\;C:\Program Files\Git\cmd;C:\apache-ant-1.10.15-bin\apache-ant-1.10.15;C:\apache-ant-1.10.15-bin\apache-ant-1.10.15\bin;C:\Program Files\Cloudflare\Cloudflare WARP\;C:\Program Files\apache-maven-3.9.11\BIN;C:\Program Files\cursor\resources\app\bin;C:\Program Files\dotnet\;C:\Program Files\nodejs\;C:\ProgramData\chocolatey\bin;D:\Tool\flutter_windows_3.41.9-stable\flutter\bin;C:\SWT301\sonar-scanner-cli-7.1.0.4889-windows-x64\sonar-scanner-7.1.0.4889-windows-x64\bin;C:\Users\Nguyen Van Manh\AppData\Local\Microsoft\WindowsApps;C:\Users\Nguyen Van Manh\AppData\Local\Programs\Microsoft VS Code\bin;C:\Users\Nguyen Van Manh\AppData\Local\Programs\cursor\resources\app\bin;C:\Program Files\JetBrains\IntelliJ IDEA 2025.2.5\bin;C:\Users\Nguyen Van Manh\AppData\Roaming\npm;C:\Users\Nguyen Van Manh\AppData\Local\Programs\Antigravity\bin;C:\Users\Nguyen Van Manh\AppData\Local\Programs\Antigravity IDE\bin;C:\Users\Nguyen Van Manh\.dotnet\tools
USERNAME=Nguyen Van Manh
OS=Windows_NT
PROCESSOR_IDENTIFIER=AMD64 Family 25 Model 80 Stepping 0, AuthenticAMD
TMP=C:\Users\NGUYEN~1\AppData\Local\Temp
TEMP=C:\Users\NGUYEN~1\AppData\Local\Temp




Periodic native trim disabled

---------------  S Y S T E M  ---------------

OS:
 Windows 11 , 64 bit Build 26100 (10.0.26100.8875)
OS uptime: 0 days 0:35 hours

CPU: total 16 (initial active 16) (16 cores per cpu, 2 threads per core) family 25 model 80 stepping 0 microcode 0xa500011, cx8, cmov, fxsr, ht, mmx, 3dnowpref, sse, sse2, sse3, ssse3, sse4a, sse4.1, sse4.2, popcnt, lzcnt, tsc, tscinvbit, avx, avx2, aes, erms, clmul, bmi1, bmi2, adx, sha, fma, vzeroupper, clflush, clflushopt, rdtscp, rdpid, fsrm, f16c, pku, cet_ss
Processor Information for processor 0
  Max Mhz: 3201, Current Mhz: 3201, Mhz Limit: 3201
Processor Information for processor 1
  Max Mhz: 3201, Current Mhz: 3201, Mhz Limit: 3201
Processor Information for processor 2
  Max Mhz: 3201, Current Mhz: 3201, Mhz Limit: 3201
Processor Information for processor 3
  Max Mhz: 3201, Current Mhz: 3201, Mhz Limit: 3201
Processor Information for processor 4
  Max Mhz: 3201, Current Mhz: 3201, Mhz Limit: 3201
Processor Information for processor 5
  Max Mhz: 3201, Current Mhz: 3201, Mhz Limit: 3201
Processor Information for processor 6
  Max Mhz: 3201, Current Mhz: 3201, Mhz Limit: 3201
Processor Information for processor 7
  Max Mhz: 3201, Current Mhz: 3201, Mhz Limit: 3201
Processor Information for processor 8
  Max Mhz: 3201, Current Mhz: 3201, Mhz Limit: 3201
Processor Information for processor 9
  Max Mhz: 3201, Current Mhz: 3201, Mhz Limit: 3201
Processor Information for processor 10
  Max Mhz: 3201, Current Mhz: 3201, Mhz Limit: 3201
Processor Information for processor 11
  Max Mhz: 3201, Current Mhz: 1802, Mhz Limit: 3201
Processor Information for processor 12
  Max Mhz: 3201, Current Mhz: 3201, Mhz Limit: 3201
Processor Information for processor 13
  Max Mhz: 3201, Current Mhz: 3201, Mhz Limit: 3201
Processor Information for processor 14
  Max Mhz: 3201, Current Mhz: 3201, Mhz Limit: 3201
Processor Information for processor 15
  Max Mhz: 3201, Current Mhz: 3201, Mhz Limit: 3201

Memory: 4k page, system-wide physical 7528M (13M free)
TotalPageFile size 31080M (AvailPageFile size 3M)
current process WorkingSet (physical memory assigned to process): 151M, peak: 152M
current process commit charge ("private bytes"): 309M, peak: 310M

vm_info: OpenJDK 64-Bit Server VM (21.0.11+10-LTS) for windows-amd64 JRE (21.0.11+10-LTS), built on 2026-04-21T00:00:00Z by "admin" with MS VC++ 17.12 (VS2022)

END.
