#
# There is insufficient memory for the Java Runtime Environment to continue.
# Native memory allocation (malloc) failed to allocate 1196816 bytes. Error detail: Chunk::new
# Possible reasons:
#   The system is out of physical RAM or swap space
#   This process is running with CompressedOops enabled, and the Java Heap may be blocking the growth of the native heap
# Possible solutions:
#   Reduce memory load on the system
#   Increase physical memory or swap space
#   Check if swap backing store is full
#   Decrease Java heap size (-Xmx/-Xms)
#   Decrease number of Java threads
#   Decrease Java thread stack sizes (-Xss)
#   Set larger code cache with -XX:ReservedCodeCacheSize=
#   JVM is running with Unscaled Compressed Oops mode in which the Java heap is
#     placed in the first 4GB address space. The Java Heap base address is the
#     maximum limit for the native heap growth. Please use -XX:HeapBaseMinAddress
#     to set the Java Heap base and to place the Java Heap above 4GB virtual address.
# This output file may be truncated or incomplete.
#
#  Out of Memory Error (arena.cpp:168), pid=22268, tid=18304
#
# JRE version: OpenJDK Runtime Environment Temurin-21.0.11+10 (21.0.11+10) (build 21.0.11+10-LTS)
# Java VM: OpenJDK 64-Bit Server VM Temurin-21.0.11+10 (21.0.11+10-LTS, mixed mode, sharing, tiered, compressed oops, compressed class ptrs, parallel gc, windows-amd64)
# No core dump will be written. Minidumps are not enabled by default on client versions of Windows
#

---------------  S U M M A R Y ------------

Command Line: --add-modules=ALL-SYSTEM --add-opens=java.base/java.util=ALL-UNNAMED --add-opens=java.base/java.lang=ALL-UNNAMED --add-opens=java.base/sun.nio.fs=ALL-UNNAMED -Declipse.application=org.eclipse.jdt.ls.core.id1 -Dosgi.bundles.defaultStartLevel=4 -Declipse.product=org.eclipse.jdt.ls.core.product -Djava.import.generatesMetadataFilesAtProjectRoot=false -DDetectVMInstallationsJob.disabled=true -Dfile.encoding=utf8 -XX:+UseParallelGC -XX:GCTimeRatio=4 -XX:AdaptiveSizePolicyWeight=90 -Dsun.zip.disableMemoryMapping=true -Xmx2G -Xms100m -Xlog:disable -javaagent:c:\Users\Nguyen Van Manh\.antigravity-ide\extensions\redhat.java-1.55.0-win32-x64\lombok\lombok-1.18.39-4050.jar -XX:+HeapDumpOnOutOfMemoryError -XX:HeapDumpPath=c:\Users\Nguyen Van Manh\AppData\Roaming\Antigravity IDE\User\workspaceStorage\cd29283c2ecb26fd1d90bb35446c8b77\redhat.java -Daether.dependencyCollector.impl=bf c:\Users\Nguyen Van Manh\.antigravity-ide\extensions\redhat.java-1.55.0-win32-x64\server\plugins\org.eclipse.equinox.launcher_1.7.200.v20260619-2039.jar -configuration c:\Users\Nguyen Van Manh\AppData\Roaming\Antigravity IDE\User\globalStorage\redhat.java\1.55.0\config_win -data c:\Users\Nguyen Van Manh\AppData\Roaming\Antigravity IDE\User\workspaceStorage\cd29283c2ecb26fd1d90bb35446c8b77\redhat.java\jdt_ws --pipe=\\.\pipe\lsp-21f5d219d47c89322c4d201b3e267e9c-sock

Host: AMD Ryzen 7 5800H with Radeon Graphics         , 16 cores, 7G,  Windows 11 , 64 bit Build 26100 (10.0.26100.8875)
Time: Sat Jul 18 12:49:05 2026 SE Asia Standard Time elapsed time: 1891.397954 seconds (0d 0h 31m 31s)

---------------  T H R E A D  ---------------

Current thread (0x00000292da4dcf70):  JavaThread "C2 CompilerThread0" daemon [_thread_in_native, id=18304, stack(0x000000c17be00000,0x000000c17bf00000) (1024K)]


Current CompileTask:
C2:1891398 17450       4       org.eclipse.jdt.internal.compiler.lookup.ModuleBinding::getVisiblePackage (472 bytes)

Stack: [0x000000c17be00000,0x000000c17bf00000]
Native frames: (J=compiled Java code, j=interpreted, Vv=VM code, C=native code)
V  [jvm.dll+0x6d7e19]
V  [jvm.dll+0x8b5096]
V  [jvm.dll+0x8b764e]
V  [jvm.dll+0x8b7d33]
V  [jvm.dll+0x284596]
V  [jvm.dll+0xc685d]
V  [jvm.dll+0xc6da1]
V  [jvm.dll+0x3bed6b]
V  [jvm.dll+0x1e3f42]
V  [jvm.dll+0x24c853]
V  [jvm.dll+0x24bce0]
V  [jvm.dll+0x1cb4ae]
V  [jvm.dll+0x25baad]
V  [jvm.dll+0x25a03a]
V  [jvm.dll+0x3f868e]
V  [jvm.dll+0x85fb0d]
V  [jvm.dll+0x6d664d]
C  [ucrtbase.dll+0x2cd30]
C  [KERNEL32.DLL+0x2e957]
C  [ntdll.dll+0xaad6c]


---------------  P R O C E S S  ---------------

Threads class SMR info:
_java_thread_list=0x00000292ed48b390, length=66, elements={
0x00000292ff9a04f0, 0x00000292ffa423f0, 0x00000292ffa46f40, 0x00000292ffa4c6a0,
0x00000292ffa4d100, 0x00000292ffa4fb10, 0x00000292ffa57da0, 0x00000292da4dcf70,
0x00000292ffa5e220, 0x00000292da708fe0, 0x00000292da709d00, 0x00000292da70a390,
0x00000292da70aa20, 0x00000292da70bdd0, 0x00000292da70b0b0, 0x00000292da70c460,
0x00000292da70b740, 0x00000292da709670, 0x00000292e151ba20, 0x00000292e151d460,
0x00000292e151e180, 0x00000292e151eea0, 0x00000292e151fbc0, 0x00000292e1520250,
0x00000292e151f530, 0x00000292e15208e0, 0x00000292e1520f70, 0x00000292e1521600,
0x00000292e1521c90, 0x00000292e29706c0, 0x00000292e2970d50, 0x00000292e29713e0,
0x00000292e296e5f0, 0x00000292e296ec80, 0x00000292e296df60, 0x00000292e296f310,
0x00000292e2972790, 0x00000292e2971a70, 0x00000292e2972100, 0x00000292e2972e20,
0x00000292e296f9a0, 0x00000292e29734b0, 0x00000292e20ed990, 0x00000292ecd71b30,
0x00000292ecd72850, 0x00000292ecd73c00, 0x00000292ecd72ee0, 0x00000292ecd73570,
0x00000292ecd74920, 0x00000292ecd76360, 0x00000292ecd77da0, 0x00000292ecd75cd0,
0x00000292e3a5d130, 0x00000292e3a5d7c0, 0x00000292e3a5b6f0, 0x00000292e3a5caa0,
0x00000292e3a5f200, 0x00000292e3a5f890, 0x00000292e3a5c410, 0x00000292e3a61960,
0x00000292e20ed300, 0x00000292e20ee020, 0x00000292e20ee6b0, 0x00000292e20ef3d0,
0x00000292e20ecc70, 0x00000292e20eed40
}

Java Threads: ( => current thread )
  0x00000292ff9a04f0 JavaThread "main"                              [_thread_blocked, id=22372, stack(0x000000c17b400000,0x000000c17b500000) (1024K)]
  0x00000292ffa423f0 JavaThread "Reference Handler"          daemon [_thread_blocked, id=17468, stack(0x000000c17b800000,0x000000c17b900000) (1024K)]
  0x00000292ffa46f40 JavaThread "Finalizer"                  daemon [_thread_blocked, id=22504, stack(0x000000c17b900000,0x000000c17ba00000) (1024K)]
  0x00000292ffa4c6a0 JavaThread "Signal Dispatcher"          daemon [_thread_blocked, id=22468, stack(0x000000c17ba00000,0x000000c17bb00000) (1024K)]
  0x00000292ffa4d100 JavaThread "Attach Listener"            daemon [_thread_blocked, id=21532, stack(0x000000c17bb00000,0x000000c17bc00000) (1024K)]
  0x00000292ffa4fb10 JavaThread "Service Thread"             daemon [_thread_blocked, id=21528, stack(0x000000c17bc00000,0x000000c17bd00000) (1024K)]
  0x00000292ffa57da0 JavaThread "Monitor Deflation Thread"   daemon [_thread_blocked, id=21524, stack(0x000000c17bd00000,0x000000c17be00000) (1024K)]
=>0x00000292da4dcf70 JavaThread "C2 CompilerThread0"         daemon [_thread_in_native, id=18304, stack(0x000000c17be00000,0x000000c17bf00000) (1024K)]
  0x00000292ffa5e220 JavaThread "C1 CompilerThread0"         daemon [_thread_blocked, id=20876, stack(0x000000c17bf00000,0x000000c17c000000) (1024K)]
  0x00000292da708fe0 JavaThread "Common-Cleaner"             daemon [_thread_blocked, id=21560, stack(0x000000c17c100000,0x000000c17c200000) (1024K)]
  0x00000292da709d00 JavaThread "Notification Thread"        daemon [_thread_blocked, id=8, stack(0x000000c17c400000,0x000000c17c500000) (1024K)]
  0x00000292da70a390 JavaThread "Active Thread: Equinox Container: 0eac8c6f-8bf6-45f2-9674-193b18a8a9b8"        [_thread_blocked, id=21000, stack(0x000000c17cb00000,0x000000c17cc00000) (1024K)]
  0x00000292da70aa20 JavaThread "Refresh Thread: Equinox Container: 0eac8c6f-8bf6-45f2-9674-193b18a8a9b8" daemon [_thread_blocked, id=24428, stack(0x000000c17c000000,0x000000c17c100000) (1024K)]
  0x00000292da70bdd0 JavaThread "Framework Event Dispatcher: Equinox Container: 0eac8c6f-8bf6-45f2-9674-193b18a8a9b8" daemon [_thread_blocked, id=24476, stack(0x000000c17c200000,0x000000c17c300000) (1024K)]
  0x00000292da70b0b0 JavaThread "Start Level: Equinox Container: 0eac8c6f-8bf6-45f2-9674-193b18a8a9b8" daemon [_thread_blocked, id=24456, stack(0x000000c17c300000,0x000000c17c400000) (1024K)]
  0x00000292da70c460 JavaThread "Bundle File Closer"         daemon [_thread_blocked, id=23272, stack(0x000000c17d000000,0x000000c17d100000) (1024K)]
  0x00000292da70b740 JavaThread "SCR Component Actor"        daemon [_thread_blocked, id=19860, stack(0x000000c17d200000,0x000000c17d300000) (1024K)]
  0x00000292da709670 JavaThread "Worker-JM"                         [_thread_blocked, id=14304, stack(0x000000c17d300000,0x000000c17d400000) (1024K)]
  0x00000292e151ba20 JavaThread "JNA Cleaner"                daemon [_thread_blocked, id=4708, stack(0x000000c17d500000,0x000000c17d600000) (1024K)]
  0x00000292e151d460 JavaThread "Java indexing"              daemon [_thread_blocked, id=23828, stack(0x000000c17d900000,0x000000c17da00000) (1024K)]
  0x00000292e151e180 JavaThread "Worker-3"                          [_thread_blocked, id=20000, stack(0x000000c17dc00000,0x000000c17dd00000) (1024K)]
  0x00000292e151eea0 JavaThread "Worker-6"                          [_thread_blocked, id=5588, stack(0x000000c17df00000,0x000000c17e000000) (1024K)]
  0x00000292e151fbc0 JavaThread "Thread-1"                   daemon [_thread_in_native, id=11116, stack(0x000000c17e000000,0x000000c17e100000) (1024K)]
  0x00000292e1520250 JavaThread "Thread-2"                   daemon [_thread_in_native, id=8920, stack(0x000000c17e100000,0x000000c17e200000) (1024K)]
  0x00000292e151f530 JavaThread "Thread-3"                   daemon [_thread_in_native, id=9028, stack(0x000000c17e200000,0x000000c17e300000) (1024K)]
  0x00000292e15208e0 JavaThread "Thread-4"                   daemon [_thread_in_native, id=25500, stack(0x000000c17e300000,0x000000c17e400000) (1024K)]
  0x00000292e1520f70 JavaThread "Thread-5"                   daemon [_thread_in_native, id=21208, stack(0x000000c17e400000,0x000000c17e500000) (1024K)]
  0x00000292e1521600 JavaThread "Thread-6"                   daemon [_thread_in_native, id=23352, stack(0x000000c17e500000,0x000000c17e600000) (1024K)]
  0x00000292e1521c90 JavaThread "Thread-7"                   daemon [_thread_in_native, id=23676, stack(0x000000c17e600000,0x000000c17e700000) (1024K)]
  0x00000292e29706c0 JavaThread "Thread-8"                   daemon [_thread_in_native, id=2708, stack(0x000000c17e700000,0x000000c17e800000) (1024K)]
  0x00000292e2970d50 JavaThread "Thread-9"                   daemon [_thread_in_native, id=7952, stack(0x000000c17e800000,0x000000c17e900000) (1024K)]
  0x00000292e29713e0 JavaThread "Thread-10"                  daemon [_thread_in_native, id=9772, stack(0x000000c17e900000,0x000000c17ea00000) (1024K)]
  0x00000292e296e5f0 JavaThread "Thread-11"                  daemon [_thread_in_native, id=23360, stack(0x000000c17ea00000,0x000000c17eb00000) (1024K)]
  0x00000292e296ec80 JavaThread "Thread-12"                  daemon [_thread_in_native, id=12964, stack(0x000000c17eb00000,0x000000c17ec00000) (1024K)]
  0x00000292e296df60 JavaThread "Thread-13"                  daemon [_thread_in_native, id=5612, stack(0x000000c17ec00000,0x000000c17ed00000) (1024K)]
  0x00000292e296f310 JavaThread "Thread-14"                  daemon [_thread_in_native, id=24744, stack(0x000000c17ed00000,0x000000c17ee00000) (1024K)]
  0x00000292e2972790 JavaThread "Thread-15"                  daemon [_thread_in_native, id=25488, stack(0x000000c17ee00000,0x000000c17ef00000) (1024K)]
  0x00000292e2971a70 JavaThread "Thread-16"                  daemon [_thread_in_native, id=24912, stack(0x000000c17ef00000,0x000000c17f000000) (1024K)]
  0x00000292e2972100 JavaThread "Thread-17"                  daemon [_thread_in_native, id=23800, stack(0x000000c17f000000,0x000000c17f100000) (1024K)]
  0x00000292e2972e20 JavaThread "pool-2-thread-1"                   [_thread_blocked, id=25508, stack(0x000000c17f100000,0x000000c17f200000) (1024K)]
  0x00000292e296f9a0 JavaThread "WorkspaceEventsHandler"            [_thread_blocked, id=23628, stack(0x000000c17f200000,0x000000c17f300000) (1024K)]
  0x00000292e29734b0 JavaThread "pool-1-thread-1"                   [_thread_blocked, id=14832, stack(0x000000c17f300000,0x000000c17f400000) (1024K)]
  0x00000292e20ed990 JavaThread "Timer-0"                           [_thread_blocked, id=22572, stack(0x000000c102500000,0x000000c102600000) (1024K)]
  0x00000292ecd71b30 JavaThread "PatternSearchJob-worker-1"  daemon [_thread_blocked, id=2948, stack(0x000000c102900000,0x000000c102a00000) (1024K)]
  0x00000292ecd72850 JavaThread "PatternSearchJob-worker-2"  daemon [_thread_blocked, id=2188, stack(0x000000c102a00000,0x000000c102b00000) (1024K)]
  0x00000292ecd73c00 JavaThread "PatternSearchJob-worker-5"  daemon [_thread_blocked, id=17104, stack(0x000000c102d00000,0x000000c102e00000) (1024K)]
  0x00000292ecd72ee0 JavaThread "PatternSearchJob-worker-6"  daemon [_thread_blocked, id=17000, stack(0x000000c102e00000,0x000000c102f00000) (1024K)]
  0x00000292ecd73570 JavaThread "PatternSearchJob-worker-7"  daemon [_thread_blocked, id=7112, stack(0x000000c102f00000,0x000000c103000000) (1024K)]
  0x00000292ecd74920 JavaThread "PatternSearchJob-worker-9"  daemon [_thread_blocked, id=13316, stack(0x000000c103100000,0x000000c103200000) (1024K)]
  0x00000292ecd76360 JavaThread "PatternSearchJob-worker-12" daemon [_thread_blocked, id=12132, stack(0x000000c103400000,0x000000c103500000) (1024K)]
  0x00000292ecd77da0 JavaThread "PatternSearchJob-worker-13" daemon [_thread_blocked, id=7508, stack(0x000000c103500000,0x000000c103600000) (1024K)]
  0x00000292ecd75cd0 JavaThread "PatternSearchJob-worker-14" daemon [_thread_blocked, id=18928, stack(0x000000c103600000,0x000000c103700000) (1024K)]
  0x00000292e3a5d130 JavaThread "Compiler Source File Reader" daemon [_thread_blocked, id=27568, stack(0x000000c100500000,0x000000c100600000) (1024K)]
  0x00000292e3a5d7c0 JavaThread "Compiler Source File Reader" daemon [_thread_blocked, id=25072, stack(0x000000c100600000,0x000000c100700000) (1024K)]
  0x00000292e3a5b6f0 JavaThread "Compiler Source File Reader" daemon [_thread_blocked, id=8832, stack(0x000000c100700000,0x000000c100800000) (1024K)]
  0x00000292e3a5caa0 JavaThread "Compiler Source File Reader" daemon [_thread_blocked, id=17960, stack(0x000000c100300000,0x000000c100400000) (1024K)]
  0x00000292e3a5f200 JavaThread "Compiler Source File Reader" daemon [_thread_blocked, id=28156, stack(0x000000c100900000,0x000000c100a00000) (1024K)]
  0x00000292e3a5f890 JavaThread "Compiler Source File Reader" daemon [_thread_blocked, id=26712, stack(0x000000c100a00000,0x000000c100b00000) (1024K)]
  0x00000292e3a5c410 JavaThread "Compiler Source File Reader" daemon [_thread_blocked, id=9224, stack(0x000000c100b00000,0x000000c100c00000) (1024K)]
  0x00000292e3a61960 JavaThread "Compiler Source File Reader" daemon [_thread_blocked, id=26668, stack(0x000000c100100000,0x000000c100200000) (1024K)]
  0x00000292e20ed300 JavaThread "Compiler Source File Reader" daemon [_thread_blocked, id=28248, stack(0x000000c100c00000,0x000000c100d00000) (1024K)]
  0x00000292e20ee020 JavaThread "Compiler Source File Reader" daemon [_thread_blocked, id=6840, stack(0x000000c100e00000,0x000000c100f00000) (1024K)]
  0x00000292e20ee6b0 JavaThread "Compiler Source File Reader" daemon [_thread_blocked, id=3468, stack(0x000000c101000000,0x000000c101100000) (1024K)]
  0x00000292e20ef3d0 JavaThread "Compiler Source File Reader" daemon [_thread_blocked, id=25828, stack(0x000000c100800000,0x000000c100900000) (1024K)]
  0x00000292e20ecc70 JavaThread "Compiler Source File Reader" daemon [_thread_blocked, id=13176, stack(0x000000c100f00000,0x000000c101000000) (1024K)]
  0x00000292e20eed40 JavaThread "Compiler Source File Reader" daemon [_thread_blocked, id=37200, stack(0x000000c101100000,0x000000c101200000) (1024K)]
Total: 66

Other Threads:
  0x0000029297f449b0 VMThread "VM Thread"                           [id=22300, stack(0x000000c17b700000,0x000000c17b800000) (1024K)]
  0x0000029297e3ca10 WatcherThread "VM Periodic Task Thread"        [id=22308, stack(0x000000c17b600000,0x000000c17b700000) (1024K)]
  0x00000292ff9c0f70 WorkerThread "GC Thread#0"                     [id=22388, stack(0x000000c17b500000,0x000000c17b600000) (1024K)]
  0x00000292e06654d0 WorkerThread "GC Thread#1"                     [id=22328, stack(0x000000c17c500000,0x000000c17c600000) (1024K)]
  0x00000292e0665880 WorkerThread "GC Thread#2"                     [id=22392, stack(0x000000c17c600000,0x000000c17c700000) (1024K)]
  0x00000292e0532410 WorkerThread "GC Thread#3"                     [id=22320, stack(0x000000c17c700000,0x000000c17c800000) (1024K)]
  0x00000292e01aa4d0 WorkerThread "GC Thread#4"                     [id=22380, stack(0x000000c17c800000,0x000000c17c900000) (1024K)]
  0x00000292e01aa880 WorkerThread "GC Thread#5"                     [id=22376, stack(0x000000c17c900000,0x000000c17ca00000) (1024K)]
  0x00000292e0660810 WorkerThread "GC Thread#6"                     [id=16712, stack(0x000000c17ca00000,0x000000c17cb00000) (1024K)]
  0x00000292e072e990 WorkerThread "GC Thread#7"                     [id=21600, stack(0x000000c17cc00000,0x000000c17cd00000) (1024K)]
  0x00000292da513350 WorkerThread "GC Thread#8"                     [id=22304, stack(0x000000c17cd00000,0x000000c17ce00000) (1024K)]
  0x00000292e06dde80 WorkerThread "GC Thread#9"                     [id=11712, stack(0x000000c17ce00000,0x000000c17cf00000) (1024K)]
  0x00000292da5f2b30 WorkerThread "GC Thread#10"                    [id=7672, stack(0x000000c17cf00000,0x000000c17d000000) (1024K)]
  0x00000292ff0ee2e0 WorkerThread "GC Thread#11"                    [id=6844, stack(0x000000c17b200000,0x000000c17b300000) (1024K)]
  0x00000292e022ccf0 WorkerThread "GC Thread#12"                    [id=11356, stack(0x000000c17d400000,0x000000c17d500000) (1024K)]
Total: 15

Threads with active compile tasks:
C2 CompilerThread0  1891539 17450       4       org.eclipse.jdt.internal.compiler.lookup.ModuleBinding::getVisiblePackage (472 bytes)
Total: 1

VM state: not at safepoint (normal execution)

VM Mutex/Monitor currently owned by a thread: None

Heap address: 0x0000000080000000, size: 2048 MB, Compressed Oops mode: 32-bit

CDS archive(s) mapped at: [0x0000029298000000-0x0000029298ba0000-0x0000029298ba0000), size 12189696, SharedBaseAddress: 0x0000029298000000, ArchiveRelocationMode: 1.
Compressed class space mapped at: 0x0000029299000000-0x00000292d9000000, reserved size: 1073741824
Narrow klass base: 0x0000029298000000, Narrow klass shift: 0, Narrow klass range: 0x100000000

GC Precious Log:
 CardTable entry size: 512
 CPUs: 16 total, 16 available
 Memory: 7528M
 Large Page Support: Disabled
 NUMA Support: Disabled
 Compressed Oops: Enabled (32-bit)
 Alignments: Space 512K, Generation 512K, Heap 2M
 Heap Min Capacity: 100M
 Heap Initial Capacity: 100M
 Heap Max Capacity: 2G
 Pre-touch: Disabled
 Parallel Workers: 13

Heap:
 PSYoungGen      total 4096K, used 256K [0x00000000d5580000, 0x00000000d5c00000, 0x0000000100000000)
  eden space 3584K, 0% used [0x00000000d5580000,0x00000000d5580020,0x00000000d5900000)
  from space 512K, 50% used [0x00000000d5b80000,0x00000000d5bc0000,0x00000000d5c00000)
  to   space 512K, 0% used [0x00000000d5b00000,0x00000000d5b00000,0x00000000d5b80000)
 ParOldGen       total 729600K, used 729386K [0x0000000080000000, 0x00000000ac880000, 0x00000000d5580000)
  object space 729600K, 99% used [0x0000000080000000,0x00000000ac84ab18,0x00000000ac880000)
 Metaspace       used 80584K, committed 82432K, reserved 1179648K
  class space    used 8964K, committed 9792K, reserved 1048576K

Card table byte_map: [0x0000029293550000,0x0000029293960000] _byte_map_base: 0x0000029293150000

Marking Bits: (ParMarkBitMap*) 0x00007ffe9eca4460
 Begin Bits: [0x0000029293960000, 0x0000029295960000)
 End Bits:   [0x0000029295960000, 0x0000029297960000)

Polling page: 0x00000292ff3b0000

Metaspace:

Usage:
  Non-class:     69.94 MB used.
      Class:      8.75 MB used.
       Both:     78.70 MB used.

Virtual space:
  Non-class space:      128.00 MB reserved,      70.94 MB ( 55%) committed,  2 nodes.
      Class space:        1.00 GB reserved,       9.56 MB ( <1%) committed,  1 nodes.
             Both:        1.12 GB reserved,      80.50 MB (  7%) committed. 

Chunk freelists:
   Non-Class:  8.47 MB
       Class:  6.46 MB
        Both:  14.93 MB

MaxMetaspaceSize: unlimited
CompressedClassSpaceSize: 1.00 GB
Initial GC threshold: 21.00 MB
Current GC threshold: 97.31 MB
CDS: on
 - commit_granule_bytes: 65536.
 - commit_granule_words: 8192.
 - virtual_space_node_default_size: 8388608.
 - enlarge_chunks_in_place: 1.
 - use_allocation_guard: 0.


Internal statistics:

num_allocs_failed_limit: 9.
num_arena_births: 1736.
num_arena_deaths: 22.
num_vsnodes_births: 3.
num_vsnodes_deaths: 0.
num_space_committed: 1288.
num_space_uncommitted: 0.
num_chunks_returned_to_freelist: 35.
num_chunks_taken_from_freelist: 5668.
num_chunk_merges: 14.
num_chunk_splits: 3466.
num_chunks_enlarged: 1928.
num_inconsistent_stats: 0.

CodeHeap 'non-profiled nmethods': size=119168Kb used=11208Kb max_used=11208Kb free=107959Kb
 bounds [0x000002928c0f0000, 0x000002928cbf0000, 0x0000029293550000]
CodeHeap 'profiled nmethods': size=119104Kb used=39340Kb max_used=39340Kb free=79763Kb
 bounds [0x0000029284550000, 0x0000029286bc0000, 0x000002928b9a0000]
CodeHeap 'non-nmethods': size=7488Kb used=1462Kb max_used=3211Kb free=6025Kb
 bounds [0x000002928b9a0000, 0x000002928bd10000, 0x000002928c0f0000]
CodeCache: size=245760Kb, used=52010Kb, max_used=53759Kb, free=193747Kb
 total_blobs=17511, nmethods=16730, adapters=684, full_count=0
Compilation: enabled, stopped_count=0, restarted_count=0

Compilation events (20 events):
Event: 1889.325 Thread 0x00000292ffa5e220 17491       3       org.eclipse.jdt.internal.compiler.lookup.LookupEnvironment::<init> (216 bytes)
Event: 1889.340 Thread 0x00000292ffa5e220 nmethod 17491 0x0000029286bb5310 code [0x0000029286bb5540, 0x0000029286bb6048]
Event: 1889.341 Thread 0x00000292ffa5e220 17494       3       org.eclipse.jdt.internal.compiler.lookup.BinaryModuleBinding::cachePartsFrom (312 bytes)
Event: 1889.362 Thread 0x00000292ffa5e220 nmethod 17494 0x0000029286bb6410 code [0x0000029286bb66c0, 0x0000029286bb7880]
Event: 1889.363 Thread 0x00000292ffa5e220 17492       3       org.eclipse.jdt.internal.compiler.lookup.ModuleBinding::<init> (82 bytes)
Event: 1889.365 Thread 0x00000292ffa5e220 nmethod 17492 0x0000029286bb7f10 code [0x0000029286bb8100, 0x0000029286bb8660]
Event: 1889.365 Thread 0x00000292ffa5e220 17493       3       org.eclipse.jdt.internal.compiler.impl.ITypeRequestor::accept (39 bytes)
Event: 1889.371 Thread 0x00000292ffa5e220 nmethod 17493 0x0000029286bb8890 code [0x0000029286bb8ae0, 0x0000029286bb9488]
Event: 1889.371 Thread 0x00000292ffa5e220 17495       3       org.eclipse.jdt.internal.compiler.lookup.BinaryModuleBinding::<init> (43 bytes)
Event: 1889.375 Thread 0x00000292ffa5e220 nmethod 17495 0x0000029286bb9690 code [0x0000029286bb9860, 0x0000029286bb9b30]
Event: 1889.375 Thread 0x00000292ffa5e220 17496       3       org.eclipse.jdt.internal.compiler.ast.ConstructorDeclaration::<init> (6 bytes)
Event: 1889.377 Thread 0x00000292ffa5e220 nmethod 17496 0x0000029286bb9d10 code [0x0000029286bb9ec0, 0x0000029286bba110]
Event: 1889.377 Thread 0x00000292ffa5e220 17497       3       org.eclipse.jdt.internal.compiler.ast.TypeDeclaration::addClinit (100 bytes)
Event: 1889.381 Thread 0x00000292ffa5e220 nmethod 17497 0x0000029286bba210 code [0x0000029286bba420, 0x0000029286bbab90]
Event: 1889.381 Thread 0x00000292ffa5e220 17498       3       org.eclipse.jdt.internal.compiler.CompilationResult::getLineSeparatorPositions (18 bytes)
Event: 1889.384 Thread 0x00000292ffa5e220 nmethod 17498 0x0000029286bbae10 code [0x0000029286bbafc0, 0x0000029286bbb118]
Event: 1889.384 Thread 0x00000292ffa5e220 17499       1       java.lang.Thread::getName (5 bytes)
Event: 1889.385 Thread 0x00000292ffa5e220 nmethod 17499 0x000002928cbd6510 code [0x000002928cbd66a0, 0x000002928cbd6768]
Event: 1889.415 Thread 0x00000292da4dcf70 nmethod 17446 0x000002928cbd6810 code [0x000002928cbd6e60, 0x000002928cbdefd0]
Event: 1889.417 Thread 0x00000292da4dcf70 17450       4       org.eclipse.jdt.internal.compiler.lookup.ModuleBinding::getVisiblePackage (472 bytes)

GC Heap History (20 events):
Event: 1782.791 GC heap before
{Heap before GC invocations=371 (full 3):
 PSYoungGen      total 3072K, used 3042K [0x00000000d5580000, 0x00000000d5f00000, 0x0000000100000000)
  eden space 2560K, 100% used [0x00000000d5580000,0x00000000d5800000,0x00000000d5800000)
  from space 512K, 94% used [0x00000000d5880000,0x00000000d58f8ab8,0x00000000d5900000)
  to   space 3584K, 0% used [0x00000000d5b80000,0x00000000d5b80000,0x00000000d5f00000)
 ParOldGen       total 717312K, used 717195K [0x0000000080000000, 0x00000000abc80000, 0x00000000d5580000)
  object space 717312K, 99% used [0x0000000080000000,0x00000000abc62fc0,0x00000000abc80000)
 Metaspace       used 80503K, committed 82304K, reserved 1179648K
  class space    used 8964K, committed 9792K, reserved 1048576K
}
Event: 1782.798 GC heap after
{Heap after GC invocations=371 (full 3):
 PSYoungGen      total 5632K, used 2656K [0x00000000d5580000, 0x00000000d5e80000, 0x0000000100000000)
  eden space 2560K, 0% used [0x00000000d5580000,0x00000000d5580000,0x00000000d5800000)
  from space 3072K, 86% used [0x00000000d5b80000,0x00000000d5e18000,0x00000000d5e80000)
  to   space 3072K, 0% used [0x00000000d5880000,0x00000000d5880000,0x00000000d5b80000)
 ParOldGen       total 717824K, used 717718K [0x0000000080000000, 0x00000000abd00000, 0x00000000d5580000)
  object space 717824K, 99% used [0x0000000080000000,0x00000000abce5a78,0x00000000abd00000)
 Metaspace       used 80503K, committed 82304K, reserved 1179648K
  class space    used 8964K, committed 9792K, reserved 1048576K
}
Event: 1782.837 GC heap before
{Heap before GC invocations=372 (full 3):
 PSYoungGen      total 5632K, used 5216K [0x00000000d5580000, 0x00000000d5e80000, 0x0000000100000000)
  eden space 2560K, 100% used [0x00000000d5580000,0x00000000d5800000,0x00000000d5800000)
  from space 3072K, 86% used [0x00000000d5b80000,0x00000000d5e18000,0x00000000d5e80000)
  to   space 3072K, 0% used [0x00000000d5880000,0x00000000d5880000,0x00000000d5b80000)
 ParOldGen       total 717824K, used 717718K [0x0000000080000000, 0x00000000abd00000, 0x00000000d5580000)
  object space 717824K, 99% used [0x0000000080000000,0x00000000abce5a78,0x00000000abd00000)
 Metaspace       used 80503K, committed 82304K, reserved 1179648K
  class space    used 8964K, committed 9792K, reserved 1048576K
}
Event: 1782.846 GC heap after
{Heap after GC invocations=372 (full 3):
 PSYoungGen      total 4608K, used 1824K [0x00000000d5580000, 0x00000000d5d00000, 0x0000000100000000)
  eden space 2560K, 0% used [0x00000000d5580000,0x00000000d5580000,0x00000000d5800000)
  from space 2048K, 89% used [0x00000000d5880000,0x00000000d5a48000,0x00000000d5a80000)
  to   space 2560K, 0% used [0x00000000d5a80000,0x00000000d5a80000,0x00000000d5d00000)
 ParOldGen       total 720384K, used 720254K [0x0000000080000000, 0x00000000abf80000, 0x00000000d5580000)
  object space 720384K, 99% used [0x0000000080000000,0x00000000abf5fa78,0x00000000abf80000)
 Metaspace       used 80503K, committed 82304K, reserved 1179648K
  class space    used 8964K, committed 9792K, reserved 1048576K
}
Event: 1782.881 GC heap before
{Heap before GC invocations=373 (full 3):
 PSYoungGen      total 4608K, used 4384K [0x00000000d5580000, 0x00000000d5d00000, 0x0000000100000000)
  eden space 2560K, 100% used [0x00000000d5580000,0x00000000d5800000,0x00000000d5800000)
  from space 2048K, 89% used [0x00000000d5880000,0x00000000d5a48000,0x00000000d5a80000)
  to   space 2560K, 0% used [0x00000000d5a80000,0x00000000d5a80000,0x00000000d5d00000)
 ParOldGen       total 720384K, used 720254K [0x0000000080000000, 0x00000000abf80000, 0x00000000d5580000)
  object space 720384K, 99% used [0x0000000080000000,0x00000000abf5fa78,0x00000000abf80000)
 Metaspace       used 80503K, committed 82304K, reserved 1179648K
  class space    used 8964K, committed 9792K, reserved 1048576K
}
Event: 1782.887 GC heap after
{Heap after GC invocations=373 (full 3):
 PSYoungGen      total 4608K, used 1684K [0x00000000d5580000, 0x00000000d5c80000, 0x0000000100000000)
  eden space 2560K, 0% used [0x00000000d5580000,0x00000000d5580000,0x00000000d5800000)
  from space 2048K, 82% used [0x00000000d5a80000,0x00000000d5c25040,0x00000000d5c80000)
  to   space 2048K, 0% used [0x00000000d5880000,0x00000000d5880000,0x00000000d5a80000)
 ParOldGen       total 721920K, used 721870K [0x0000000080000000, 0x00000000ac100000, 0x00000000d5580000)
  object space 721920K, 99% used [0x0000000080000000,0x00000000ac0f3a78,0x00000000ac100000)
 Metaspace       used 80503K, committed 82304K, reserved 1179648K
  class space    used 8964K, committed 9792K, reserved 1048576K
}
Event: 1782.908 GC heap before
{Heap before GC invocations=374 (full 3):
 PSYoungGen      total 4608K, used 4110K [0x00000000d5580000, 0x00000000d5c80000, 0x0000000100000000)
  eden space 2560K, 94% used [0x00000000d5580000,0x00000000d57de978,0x00000000d5800000)
  from space 2048K, 82% used [0x00000000d5a80000,0x00000000d5c25040,0x00000000d5c80000)
  to   space 2048K, 0% used [0x00000000d5880000,0x00000000d5880000,0x00000000d5a80000)
 ParOldGen       total 721920K, used 721870K [0x0000000080000000, 0x00000000ac100000, 0x00000000d5580000)
  object space 721920K, 99% used [0x0000000080000000,0x00000000ac0f3a78,0x00000000ac100000)
 Metaspace       used 80503K, committed 82304K, reserved 1179648K
  class space    used 8964K, committed 9792K, reserved 1048576K
}
Event: 1782.915 GC heap after
{Heap after GC invocations=374 (full 3):
 PSYoungGen      total 4608K, used 2017K [0x00000000d5580000, 0x00000000d6000000, 0x0000000100000000)
  eden space 2560K, 0% used [0x00000000d5580000,0x00000000d5580000,0x00000000d5800000)
  from space 2048K, 98% used [0x00000000d5880000,0x00000000d5a784f0,0x00000000d5a80000)
  to   space 4096K, 0% used [0x00000000d5c00000,0x00000000d5c00000,0x00000000d6000000)
 ParOldGen       total 723456K, used 723446K [0x0000000080000000, 0x00000000ac280000, 0x00000000d5580000)
  object space 723456K, 99% used [0x0000000080000000,0x00000000ac27dad8,0x00000000ac280000)
 Metaspace       used 80503K, committed 82304K, reserved 1179648K
  class space    used 8964K, committed 9792K, reserved 1048576K
}
Event: 1782.930 GC heap before
{Heap before GC invocations=375 (full 3):
 PSYoungGen      total 4608K, used 4554K [0x00000000d5580000, 0x00000000d6000000, 0x0000000100000000)
  eden space 2560K, 99% used [0x00000000d5580000,0x00000000d57fa560,0x00000000d5800000)
  from space 2048K, 98% used [0x00000000d5880000,0x00000000d5a784f0,0x00000000d5a80000)
  to   space 4096K, 0% used [0x00000000d5c00000,0x00000000d5c00000,0x00000000d6000000)
 ParOldGen       total 723456K, used 723446K [0x0000000080000000, 0x00000000ac280000, 0x00000000d5580000)
  object space 723456K, 99% used [0x0000000080000000,0x00000000ac27dad8,0x00000000ac280000)
 Metaspace       used 80503K, committed 82304K, reserved 1179648K
  class space    used 8964K, committed 9792K, reserved 1048576K
}
Event: 1782.937 GC heap after
{Heap after GC invocations=375 (full 3):
 PSYoungGen      total 6144K, used 2750K [0x00000000d5580000, 0x00000000d5f00000, 0x0000000100000000)
  eden space 3072K, 0% used [0x00000000d5580000,0x00000000d5580000,0x00000000d5880000)
  from space 3072K, 89% used [0x00000000d5c00000,0x00000000d5eaf9f0,0x00000000d5f00000)
  to   space 3072K, 0% used [0x00000000d5900000,0x00000000d5900000,0x00000000d5c00000)
 ParOldGen       total 725504K, used 725496K [0x0000000080000000, 0x00000000ac480000, 0x00000000d5580000)
  object space 725504K, 99% used [0x0000000080000000,0x00000000ac47e138,0x00000000ac480000)
 Metaspace       used 80503K, committed 82304K, reserved 1179648K
  class space    used 8964K, committed 9792K, reserved 1048576K
}
Event: 1782.958 GC heap before
{Heap before GC invocations=376 (full 3):
 PSYoungGen      total 6144K, used 5822K [0x00000000d5580000, 0x00000000d5f00000, 0x0000000100000000)
  eden space 3072K, 100% used [0x00000000d5580000,0x00000000d5880000,0x00000000d5880000)
  from space 3072K, 89% used [0x00000000d5c00000,0x00000000d5eaf9f0,0x00000000d5f00000)
  to   space 3072K, 0% used [0x00000000d5900000,0x00000000d5900000,0x00000000d5c00000)
 ParOldGen       total 725504K, used 725496K [0x0000000080000000, 0x00000000ac480000, 0x00000000d5580000)
  object space 725504K, 99% used [0x0000000080000000,0x00000000ac47e138,0x00000000ac480000)
 Metaspace       used 80503K, committed 82304K, reserved 1179648K
  class space    used 8964K, committed 9792K, reserved 1048576K
}
Event: 1782.964 GC heap after
{Heap after GC invocations=376 (full 3):
 PSYoungGen      total 5120K, used 1253K [0x00000000d5580000, 0x00000000d5d80000, 0x0000000100000000)
  eden space 3584K, 0% used [0x00000000d5580000,0x00000000d5580000,0x00000000d5900000)
  from space 1536K, 81% used [0x00000000d5900000,0x00000000d5a39598,0x00000000d5a80000)
  to   space 2048K, 0% used [0x00000000d5b80000,0x00000000d5b80000,0x00000000d5d80000)
 ParOldGen       total 728064K, used 728018K [0x0000000080000000, 0x00000000ac700000, 0x00000000d5580000)
  object space 728064K, 99% used [0x0000000080000000,0x00000000ac6f4b18,0x00000000ac700000)
 Metaspace       used 80503K, committed 82304K, reserved 1179648K
  class space    used 8964K, committed 9792K, reserved 1048576K
}
Event: 1784.155 GC heap before
{Heap before GC invocations=377 (full 3):
 PSYoungGen      total 5120K, used 4837K [0x00000000d5580000, 0x00000000d5d80000, 0x0000000100000000)
  eden space 3584K, 99% used [0x00000000d5580000,0x00000000d58fff48,0x00000000d5900000)
  from space 1536K, 81% used [0x00000000d5900000,0x00000000d5a39598,0x00000000d5a80000)
  to   space 2048K, 0% used [0x00000000d5b80000,0x00000000d5b80000,0x00000000d5d80000)
 ParOldGen       total 728064K, used 728018K [0x0000000080000000, 0x00000000ac700000, 0x00000000d5580000)
  object space 728064K, 99% used [0x0000000080000000,0x00000000ac6f4b18,0x00000000ac700000)
 Metaspace       used 80514K, committed 82304K, reserved 1179648K
  class space    used 8964K, committed 9792K, reserved 1048576K
}
Event: 1784.162 GC heap after
{Heap after GC invocations=377 (full 3):
 PSYoungGen      total 4608K, used 724K [0x00000000d5580000, 0x00000000d5c80000, 0x0000000100000000)
  eden space 3584K, 0% used [0x00000000d5580000,0x00000000d5580000,0x00000000d5900000)
  from space 1024K, 70% used [0x00000000d5b80000,0x00000000d5c35200,0x00000000d5c80000)
  to   space 1024K, 0% used [0x00000000d5a80000,0x00000000d5a80000,0x00000000d5b80000)
 ParOldGen       total 729088K, used 728850K [0x0000000080000000, 0x00000000ac800000, 0x00000000d5580000)
  object space 729088K, 99% used [0x0000000080000000,0x00000000ac7c4b18,0x00000000ac800000)
 Metaspace       used 80514K, committed 82304K, reserved 1179648K
  class space    used 8964K, committed 9792K, reserved 1048576K
}
Event: 1784.248 GC heap before
{Heap before GC invocations=378 (full 3):
 PSYoungGen      total 4608K, used 4308K [0x00000000d5580000, 0x00000000d5c80000, 0x0000000100000000)
  eden space 3584K, 100% used [0x00000000d5580000,0x00000000d5900000,0x00000000d5900000)
  from space 1024K, 70% used [0x00000000d5b80000,0x00000000d5c35200,0x00000000d5c80000)
  to   space 1024K, 0% used [0x00000000d5a80000,0x00000000d5a80000,0x00000000d5b80000)
 ParOldGen       total 729088K, used 728850K [0x0000000080000000, 0x00000000ac800000, 0x00000000d5580000)
  object space 729088K, 99% used [0x0000000080000000,0x00000000ac7c4b18,0x00000000ac800000)
 Metaspace       used 80535K, committed 82304K, reserved 1179648K
  class space    used 8964K, committed 9792K, reserved 1048576K
}
Event: 1784.263 GC heap after
{Heap after GC invocations=378 (full 3):
 PSYoungGen      total 4608K, used 628K [0x00000000d5580000, 0x00000000d5c00000, 0x0000000100000000)
  eden space 3584K, 0% used [0x00000000d5580000,0x00000000d5580000,0x00000000d5900000)
  from space 1024K, 61% used [0x00000000d5a80000,0x00000000d5b1d200,0x00000000d5b80000)
  to   space 512K, 0% used [0x00000000d5b80000,0x00000000d5b80000,0x00000000d5c00000)
 ParOldGen       total 729600K, used 729274K [0x0000000080000000, 0x00000000ac880000, 0x00000000d5580000)
  object space 729600K, 99% used [0x0000000080000000,0x00000000ac82eb18,0x00000000ac880000)
 Metaspace       used 80535K, committed 82304K, reserved 1179648K
  class space    used 8964K, committed 9792K, reserved 1048576K
}
Event: 1887.076 GC heap before
{Heap before GC invocations=379 (full 3):
 PSYoungGen      total 4608K, used 4212K [0x00000000d5580000, 0x00000000d5c00000, 0x0000000100000000)
  eden space 3584K, 99% used [0x00000000d5580000,0x00000000d58fffe8,0x00000000d5900000)
  from space 1024K, 61% used [0x00000000d5a80000,0x00000000d5b1d200,0x00000000d5b80000)
  to   space 512K, 0% used [0x00000000d5b80000,0x00000000d5b80000,0x00000000d5c00000)
 ParOldGen       total 729600K, used 729274K [0x0000000080000000, 0x00000000ac880000, 0x00000000d5580000)
  object space 729600K, 99% used [0x0000000080000000,0x00000000ac82eb18,0x00000000ac880000)
 Metaspace       used 80573K, committed 82432K, reserved 1179648K
  class space    used 8964K, committed 9792K, reserved 1048576K
}
Event: 1887.362 GC heap after
{Heap after GC invocations=379 (full 3):
 PSYoungGen      total 4096K, used 512K [0x00000000d5580000, 0x00000000d5c00000, 0x0000000100000000)
  eden space 3584K, 0% used [0x00000000d5580000,0x00000000d5580000,0x00000000d5900000)
  from space 512K, 100% used [0x00000000d5b80000,0x00000000d5c00000,0x00000000d5c00000)
  to   space 1024K, 0% used [0x00000000d5a00000,0x00000000d5a00000,0x00000000d5b00000)
 ParOldGen       total 729600K, used 729298K [0x0000000080000000, 0x00000000ac880000, 0x00000000d5580000)
  object space 729600K, 99% used [0x0000000080000000,0x00000000ac834b18,0x00000000ac880000)
 Metaspace       used 80573K, committed 82432K, reserved 1179648K
  class space    used 8964K, committed 9792K, reserved 1048576K
}
Event: 1888.967 GC heap before
{Heap before GC invocations=380 (full 3):
 PSYoungGen      total 4096K, used 4096K [0x00000000d5580000, 0x00000000d5c00000, 0x0000000100000000)
  eden space 3584K, 100% used [0x00000000d5580000,0x00000000d5900000,0x00000000d5900000)
  from space 512K, 100% used [0x00000000d5b80000,0x00000000d5c00000,0x00000000d5c00000)
  to   space 1024K, 0% used [0x00000000d5a00000,0x00000000d5a00000,0x00000000d5b00000)
 ParOldGen       total 729600K, used 729298K [0x0000000080000000, 0x00000000ac880000, 0x00000000d5580000)
  object space 729600K, 99% used [0x0000000080000000,0x00000000ac834b18,0x00000000ac880000)
 Metaspace       used 80578K, committed 82432K, reserved 1179648K
  class space    used 8964K, committed 9792K, reserved 1048576K
}
Event: 1888.973 GC heap after
{Heap after GC invocations=380 (full 3):
 PSYoungGen      total 4608K, used 416K [0x00000000d5580000, 0x00000000d5c00000, 0x0000000100000000)
  eden space 3584K, 0% used [0x00000000d5580000,0x00000000d5580000,0x00000000d5900000)
  from space 1024K, 40% used [0x00000000d5a00000,0x00000000d5a68000,0x00000000d5b00000)
  to   space 512K, 0% used [0x00000000d5b80000,0x00000000d5b80000,0x00000000d5c00000)
 ParOldGen       total 729600K, used 729362K [0x0000000080000000, 0x00000000ac880000, 0x00000000d5580000)
  object space 729600K, 99% used [0x0000000080000000,0x00000000ac844b18,0x00000000ac880000)
 Metaspace       used 80578K, committed 82432K, reserved 1179648K
  class space    used 8964K, committed 9792K, reserved 1048576K
}

Dll operation events (15 events):
Event: 0.018 Loaded shared library c:\Users\Nguyen Van Manh\.antigravity-ide\extensions\redhat.java-1.55.0-win32-x64\jre\21.0.11-win32-x86_64\bin\java.dll
Event: 0.123 Loaded shared library c:\Users\Nguyen Van Manh\.antigravity-ide\extensions\redhat.java-1.55.0-win32-x64\jre\21.0.11-win32-x86_64\bin\zip.dll
Event: 0.149 Loaded shared library C:\Users\Nguyen Van Manh\.antigravity-ide\extensions\redhat.java-1.55.0-win32-x64\jre\21.0.11-win32-x86_64\bin\instrument.dll
Event: 0.159 Loaded shared library C:\Users\Nguyen Van Manh\.antigravity-ide\extensions\redhat.java-1.55.0-win32-x64\jre\21.0.11-win32-x86_64\bin\net.dll
Event: 0.162 Loaded shared library C:\Users\Nguyen Van Manh\.antigravity-ide\extensions\redhat.java-1.55.0-win32-x64\jre\21.0.11-win32-x86_64\bin\nio.dll
Event: 0.168 Loaded shared library C:\Users\Nguyen Van Manh\.antigravity-ide\extensions\redhat.java-1.55.0-win32-x64\jre\21.0.11-win32-x86_64\bin\zip.dll
Event: 0.191 Loaded shared library C:\Users\Nguyen Van Manh\.antigravity-ide\extensions\redhat.java-1.55.0-win32-x64\jre\21.0.11-win32-x86_64\bin\jimage.dll
Event: 0.338 Loaded shared library c:\Users\Nguyen Van Manh\.antigravity-ide\extensions\redhat.java-1.55.0-win32-x64\jre\21.0.11-win32-x86_64\bin\verify.dll
Event: 12.132 Loaded shared library C:\Users\Nguyen Van Manh\AppData\Roaming\Antigravity IDE\User\globalStorage\redhat.java\1.55.0\config_win\org.eclipse.equinox.launcher\org.eclipse.equinox.launcher.win32.win32.x86_64_1.3.100.v20260613-0559\eclipse_11924.dll
Event: 30.473 Loaded shared library C:\Users\Nguyen Van Manh\AppData\Local\Temp\jna--758863707\jna16298833671355667839.dll
Event: 48.883 Loaded shared library C:\Users\Nguyen Van Manh\.gradle\native\1def1411415f61bf3af743bc5b6707747c0891f09f0c88961ee8f79bc544acac\windows-amd64\native-platform.dll
Event: 49.688 Loaded shared library C:\Users\Nguyen Van Manh\.antigravity-ide\extensions\redhat.java-1.55.0-win32-x64\jre\21.0.11-win32-x86_64\bin\management.dll
Event: 49.691 Loaded shared library C:\Users\Nguyen Van Manh\.antigravity-ide\extensions\redhat.java-1.55.0-win32-x64\jre\21.0.11-win32-x86_64\bin\management_ext.dll
Event: 51.460 Loaded shared library C:\Users\Nguyen Van Manh\.antigravity-ide\extensions\redhat.java-1.55.0-win32-x64\jre\21.0.11-win32-x86_64\bin\extnet.dll
Event: 56.883 Loaded shared library C:\Users\Nguyen Van Manh\.antigravity-ide\extensions\redhat.java-1.55.0-win32-x64\jre\21.0.11-win32-x86_64\bin\sunmscapi.dll

Deoptimization events (20 events):
Event: 1782.490 Thread 0x00000292e151e180 Uncommon trap: trap_request=0xffffffde fr.pc=0x000002928ca59894 relative=0x00000000000001f4
Event: 1782.490 Thread 0x00000292e151e180 Uncommon trap: reason=class_check action=maybe_recompile pc=0x000002928ca59894 method=org.eclipse.jdt.internal.core.util.Util.equalArraysOrNull([Ljava/lang/Object;[Ljava/lang/Object;)Z @ 55 c2
Event: 1782.491 Thread 0x00000292e151e180 DEOPT PACKING pc=0x000002928ca59894 sp=0x000000c17dcfea00
Event: 1782.491 Thread 0x00000292e151e180 DEOPT UNPACKING pc=0x000002928b9f3aa2 sp=0x000000c17dcfe998 mode 2
Event: 1782.491 Thread 0x00000292e151e180 Uncommon trap: trap_request=0xffffffde fr.pc=0x000002928ca59894 relative=0x00000000000001f4
Event: 1782.491 Thread 0x00000292e151e180 Uncommon trap: reason=class_check action=maybe_recompile pc=0x000002928ca59894 method=org.eclipse.jdt.internal.core.util.Util.equalArraysOrNull([Ljava/lang/Object;[Ljava/lang/Object;)Z @ 55 c2
Event: 1782.491 Thread 0x00000292e151e180 DEOPT PACKING pc=0x000002928ca59894 sp=0x000000c17dcfe960
Event: 1782.491 Thread 0x00000292e151e180 DEOPT UNPACKING pc=0x000002928b9f3aa2 sp=0x000000c17dcfe8f8 mode 2
Event: 1782.491 Thread 0x00000292e151e180 Uncommon trap: trap_request=0xffffffde fr.pc=0x000002928ca59894 relative=0x00000000000001f4
Event: 1782.491 Thread 0x00000292e151e180 Uncommon trap: reason=class_check action=maybe_recompile pc=0x000002928ca59894 method=org.eclipse.jdt.internal.core.util.Util.equalArraysOrNull([Ljava/lang/Object;[Ljava/lang/Object;)Z @ 55 c2
Event: 1782.491 Thread 0x00000292e151e180 DEOPT PACKING pc=0x000002928ca59894 sp=0x000000c17dcfe960
Event: 1782.491 Thread 0x00000292e151e180 DEOPT UNPACKING pc=0x000002928b9f3aa2 sp=0x000000c17dcfe8f8 mode 2
Event: 1783.024 Thread 0x00000292e3a5e4e0 Uncommon trap: trap_request=0xffffff45 fr.pc=0x000002928ca720b8 relative=0x0000000000005378
Event: 1783.025 Thread 0x00000292e3a5e4e0 Uncommon trap: reason=unstable_if action=reinterpret pc=0x000002928ca720b8 method=org.eclipse.jdt.internal.core.builder.NameEnvironment.findClass(Ljava/lang/String;[CLorg/eclipse/jdt/internal/compiler/env/IModuleAwareNameEnvironment$LookupStrategy;Ljava/l
Event: 1783.025 Thread 0x00000292e3a5e4e0 DEOPT PACKING pc=0x000002928ca720b8 sp=0x000000c1004fdf90
Event: 1783.025 Thread 0x00000292e3a5e4e0 DEOPT UNPACKING pc=0x000002928b9f3aa2 sp=0x000000c1004fdf58 mode 2
Event: 1783.202 Thread 0x00000292e3a5e4e0 Uncommon trap: trap_request=0xffffffde fr.pc=0x000002928cb60af8 relative=0x0000000000000d38
Event: 1783.202 Thread 0x00000292e3a5e4e0 Uncommon trap: reason=class_check action=maybe_recompile pc=0x000002928cb60af8 method=org.eclipse.jdt.internal.compiler.lookup.PackageBinding.addType(Lorg/eclipse/jdt/internal/compiler/lookup/ReferenceBinding;)V @ 72 c2
Event: 1783.205 Thread 0x00000292e3a5e4e0 DEOPT PACKING pc=0x000002928cb60af8 sp=0x000000c1004fe2a0
Event: 1783.205 Thread 0x00000292e3a5e4e0 DEOPT UNPACKING pc=0x000002928b9f3aa2 sp=0x000000c1004fe248 mode 2

Classes loaded (20 events):
Event: 332.562 Loading class java/io/ObjectOutputStream$ReplaceTable
Event: 332.563 Loading class java/io/ObjectOutputStream$ReplaceTable done
Event: 1617.389 Loading class jdk/internal/module/IllegalAccessLogger
Event: 1617.389 Loading class jdk/internal/module/IllegalAccessLogger done
Event: 1619.934 Loading class jdk/internal/module/IllegalAccessLogger
Event: 1619.934 Loading class jdk/internal/module/IllegalAccessLogger done
Event: 1621.976 Loading class jdk/internal/module/IllegalAccessLogger
Event: 1621.976 Loading class jdk/internal/module/IllegalAccessLogger done
Event: 1660.361 Loading class jdk/internal/module/IllegalAccessLogger
Event: 1660.361 Loading class jdk/internal/module/IllegalAccessLogger done
Event: 1704.628 Loading class jdk/internal/module/IllegalAccessLogger
Event: 1704.628 Loading class jdk/internal/module/IllegalAccessLogger done
Event: 1706.666 Loading class jdk/internal/module/IllegalAccessLogger
Event: 1706.666 Loading class jdk/internal/module/IllegalAccessLogger done
Event: 1740.113 Loading class jdk/internal/module/IllegalAccessLogger
Event: 1740.114 Loading class jdk/internal/module/IllegalAccessLogger done
Event: 1780.620 Loading class jdk/internal/module/IllegalAccessLogger
Event: 1780.621 Loading class jdk/internal/module/IllegalAccessLogger done
Event: 1783.014 Loading class jdk/internal/module/IllegalAccessLogger
Event: 1783.015 Loading class jdk/internal/module/IllegalAccessLogger done

Classes unloaded (11 events):
Event: 31.342 Thread 0x0000029297f449b0 Unloading class 0x00000292991a4c00 'java/lang/invoke/LambdaForm$MH+0x00000292991a4c00'
Event: 31.342 Thread 0x0000029297f449b0 Unloading class 0x00000292991a4800 'java/lang/invoke/LambdaForm$MH+0x00000292991a4800'
Event: 31.342 Thread 0x0000029297f449b0 Unloading class 0x00000292991a4400 'java/lang/invoke/LambdaForm$MH+0x00000292991a4400'
Event: 31.342 Thread 0x0000029297f449b0 Unloading class 0x00000292991a4000 'java/lang/invoke/LambdaForm$MH+0x00000292991a4000'
Event: 31.342 Thread 0x0000029297f449b0 Unloading class 0x00000292991a3c00 'java/lang/invoke/LambdaForm$BMH+0x00000292991a3c00'
Event: 31.342 Thread 0x0000029297f449b0 Unloading class 0x00000292991a3800 'java/lang/invoke/LambdaForm$DMH+0x00000292991a3800'
Event: 31.342 Thread 0x0000029297f449b0 Unloading class 0x00000292991a2400 'java/lang/invoke/LambdaForm$DMH+0x00000292991a2400'
Event: 43.798 Thread 0x0000029297f449b0 Unloading class 0x0000029299459800 'jdk/internal/reflect/GeneratedSerializationConstructorAccessor30'
Event: 43.798 Thread 0x0000029297f449b0 Unloading class 0x0000029299459000 'jdk/internal/reflect/GeneratedSerializationConstructorAccessor29'
Event: 43.798 Thread 0x0000029297f449b0 Unloading class 0x0000029299458800 'jdk/internal/reflect/GeneratedSerializationConstructorAccessor27'
Event: 43.798 Thread 0x0000029297f449b0 Unloading class 0x0000029299450400 'jdk/internal/reflect/GeneratedSerializationConstructorAccessor24'

Classes redefined (0 events):
No events

Internal exceptions (20 events):
Event: 1780.691 Thread 0x00000292e3a5e4e0 Exception <a 'java/lang/NullPointerException'{0x00000000d560a700}> (0x00000000d560a700) 
thrown [s\src\hotspot\share\interpreter\linkResolver.cpp, line 1372]
Event: 1780.691 Thread 0x00000292e3a5e4e0 Exception <a 'java/lang/NullPointerException'{0x00000000d560ab50}> (0x00000000d560ab50) 
thrown [s\src\hotspot\share\interpreter\linkResolver.cpp, line 1372]
Event: 1780.697 Thread 0x00000292e3a5b060 Exception <a 'java/lang/NullPointerException'{0x00000000d56a65d0}> (0x00000000d56a65d0) 
thrown [s\src\hotspot\share\interpreter\linkResolver.cpp, line 1372]
Event: 1780.701 Thread 0x00000292e151d460 Exception <a 'java/lang/NullPointerException'{0x00000000d56c0d08}> (0x00000000d56c0d08) 
thrown [s\src\hotspot\share\interpreter\linkResolver.cpp, line 1372]
Event: 1780.725 Thread 0x00000292e3a5e4e0 Exception <a 'java/lang/NullPointerException'{0x00000000d587e6f0}> (0x00000000d587e6f0) 
thrown [s\src\hotspot\share\interpreter\linkResolver.cpp, line 1372]
Event: 1780.765 Thread 0x00000292e3a5b060 Exception <a 'java/lang/NullPointerException'{0x00000000d56788d8}> (0x00000000d56788d8) 
thrown [s\src\hotspot\share\interpreter\linkResolver.cpp, line 1372]
Event: 1780.766 Thread 0x00000292e3a5b060 Exception <a 'java/lang/NullPointerException'{0x00000000d567a9a0}> (0x00000000d567a9a0) 
thrown [s\src\hotspot\share\interpreter\linkResolver.cpp, line 1372]
Event: 1780.766 Thread 0x00000292e3a5b060 Exception <a 'java/lang/NullPointerException'{0x00000000d567b000}> (0x00000000d567b000) 
thrown [s\src\hotspot\share\interpreter\linkResolver.cpp, line 1372]
Event: 1780.766 Thread 0x00000292e3a5b060 Exception <a 'java/lang/NullPointerException'{0x00000000d567cad8}> (0x00000000d567cad8) 
thrown [s\src\hotspot\share\interpreter\linkResolver.cpp, line 1372]
Event: 1780.766 Thread 0x00000292e3a5b060 Exception <a 'java/lang/NullPointerException'{0x00000000d567cf10}> (0x00000000d567cf10) 
thrown [s\src\hotspot\share\interpreter\linkResolver.cpp, line 1372]
Event: 1780.843 Thread 0x00000292e3a5b060 Exception <a 'java/lang/NullPointerException'{0x00000000d5593490}> (0x00000000d5593490) 
thrown [s\src\hotspot\share\interpreter\linkResolver.cpp, line 1372]
Event: 1780.843 Thread 0x00000292e3a5b060 Exception <a 'java/lang/NullPointerException'{0x00000000d5593a28}> (0x00000000d5593a28) 
thrown [s\src\hotspot\share\interpreter\linkResolver.cpp, line 1372]
Event: 1780.843 Thread 0x00000292e3a5b060 Exception <a 'java/lang/NullPointerException'{0x00000000d5594088}> (0x00000000d5594088) 
thrown [s\src\hotspot\share\interpreter\linkResolver.cpp, line 1372]
Event: 1780.844 Thread 0x00000292e3a5b060 Exception <a 'java/lang/NullPointerException'{0x00000000d5595b60}> (0x00000000d5595b60) 
thrown [s\src\hotspot\share\interpreter\linkResolver.cpp, line 1372]
Event: 1780.844 Thread 0x00000292e3a5b060 Exception <a 'java/lang/NullPointerException'{0x00000000d5595f98}> (0x00000000d5595f98) 
thrown [s\src\hotspot\share\interpreter\linkResolver.cpp, line 1372]
Event: 1781.013 Thread 0x00000292e3a5b060 Exception <a 'java/lang/NullPointerException'{0x00000000d57874f0}> (0x00000000d57874f0) 
thrown [s\src\hotspot\share\interpreter\linkResolver.cpp, line 1372]
Event: 1781.895 Thread 0x00000292e151d460 Exception <a 'sun/nio/fs/WindowsException'{0x00000000d5770590}> (0x00000000d5770590) 
thrown [s\src\hotspot\share\prims\jni.cpp, line 520]
Event: 1782.402 Thread 0x00000292e151e180 Exception <a 'java/lang/NullPointerException'{0x00000000d564b630}> (0x00000000d564b630) 
thrown [s\src\hotspot\share\interpreter\linkResolver.cpp, line 1372]
Event: 1782.457 Thread 0x00000292e151e180 Exception <a 'java/lang/NullPointerException'{0x00000000d5704ed0}> (0x00000000d5704ed0) 
thrown [s\src\hotspot\share\interpreter\linkResolver.cpp, line 1372]
Event: 1783.064 Thread 0x00000292e151d460 Exception <a 'sun/nio/fs/WindowsException'{0x00000000d55907b0}> (0x00000000d55907b0) 
thrown [s\src\hotspot\share\prims\jni.cpp, line 520]

ZGC Phase Switch (0 events):
No events

VM Operations (20 events):
Event: 1803.393 Executing non-safepoint VM operation: HandshakeAllThreads (HandshakeForDeflation)
Event: 1803.396 Executing non-safepoint VM operation: HandshakeAllThreads (HandshakeForDeflation) done
Event: 1803.396 Executing non-safepoint VM operation: RendezvousGCThreads
Event: 1803.396 Executing non-safepoint VM operation: RendezvousGCThreads done
Event: 1843.515 Executing safepoint VM operation: Cleanup
Event: 1843.525 Executing safepoint VM operation: Cleanup done
Event: 1863.510 Executing non-safepoint VM operation: HandshakeAllThreads (HandshakeForDeflation)
Event: 1863.521 Executing non-safepoint VM operation: HandshakeAllThreads (HandshakeForDeflation) done
Event: 1863.521 Executing non-safepoint VM operation: RendezvousGCThreads
Event: 1863.522 Executing non-safepoint VM operation: RendezvousGCThreads done
Event: 1885.577 Executing safepoint VM operation: Cleanup
Event: 1885.597 Executing safepoint VM operation: Cleanup done
Event: 1887.065 Executing safepoint VM operation: ParallelGCFailedAllocation (Allocation Failure)
Event: 1887.362 Executing safepoint VM operation: ParallelGCFailedAllocation (Allocation Failure) done
Event: 1888.370 Executing safepoint VM operation: Cleanup
Event: 1888.372 Executing safepoint VM operation: Cleanup done
Event: 1888.967 Executing safepoint VM operation: ParallelGCFailedAllocation (Allocation Failure)
Event: 1888.973 Executing safepoint VM operation: ParallelGCFailedAllocation (Allocation Failure) done
Event: 1890.972 Executing safepoint VM operation: Cleanup
Event: 1890.972 Executing safepoint VM operation: Cleanup done

Memory protections (0 events):
No events

Nmethod flushes (20 events):
Event: 43.821 Thread 0x0000029297f449b0 flushing  nmethod 0x0000029284f48690
Event: 43.821 Thread 0x0000029297f449b0 flushing  nmethod 0x0000029284f4ee90
Event: 43.821 Thread 0x0000029297f449b0 flushing  nmethod 0x0000029284f59190
Event: 43.821 Thread 0x0000029297f449b0 flushing  nmethod 0x0000029284f5a810
Event: 43.821 Thread 0x0000029297f449b0 flushing  nmethod 0x0000029284f95110
Event: 43.821 Thread 0x0000029297f449b0 flushing osr nmethod 0x0000029284fb0010
Event: 43.821 Thread 0x0000029297f449b0 flushing  nmethod 0x0000029284fd9e10
Event: 43.821 Thread 0x0000029297f449b0 flushing  nmethod 0x0000029284feeb10
Event: 43.821 Thread 0x0000029297f449b0 flushing  nmethod 0x0000029284ff8210
Event: 43.821 Thread 0x0000029297f449b0 flushing  nmethod 0x0000029284ffb210
Event: 43.821 Thread 0x0000029297f449b0 flushing  nmethod 0x000002928502bd90
Event: 43.821 Thread 0x0000029297f449b0 flushing  nmethod 0x000002928502c990
Event: 43.821 Thread 0x0000029297f449b0 flushing  nmethod 0x000002928502d290
Event: 43.821 Thread 0x0000029297f449b0 flushing  nmethod 0x000002928502d610
Event: 43.821 Thread 0x0000029297f449b0 flushing  nmethod 0x000002928502e190
Event: 43.821 Thread 0x0000029297f449b0 flushing  nmethod 0x000002928502f290
Event: 43.821 Thread 0x0000029297f449b0 flushing  nmethod 0x000002928502fa90
Event: 43.821 Thread 0x0000029297f449b0 flushing  nmethod 0x000002928507da90
Event: 43.821 Thread 0x0000029297f449b0 flushing  nmethod 0x000002928507de10
Event: 43.821 Thread 0x0000029297f449b0 flushing  nmethod 0x000002928507e210

Events (20 events):
Event: 1706.638 Thread 0x00000292e3a5b060 Thread added: 0x00000292e20ef3d0
Event: 1706.684 Thread 0x00000292ffa5e220 Thread added: 0x00000292e34eb990
Event: 1711.775 Thread 0x00000292e34ec730 Thread exited: 0x00000292e34ec730
Event: 1711.776 Thread 0x00000292e34ed4d0 Thread exited: 0x00000292e34ed4d0
Event: 1711.796 Thread 0x00000292e34eb990 Thread exited: 0x00000292e34eb990
Event: 1712.959 Thread 0x00000292e34eabf0 Thread exited: 0x00000292e34eabf0
Event: 1739.012 Thread 0x00000292e3a5b060 Thread added: 0x00000292e20ecc70
Event: 1741.800 Thread 0x00000292e3a5b060 Thread added: 0x00000292e20eed40
Event: 1752.858 Thread 0x00000292ffa5e220 Thread added: 0x00000292e34ece00
Event: 1757.987 Thread 0x00000292e34ece00 Thread exited: 0x00000292e34ece00
Event: 1778.854 Thread 0x00000292e3a5b060 Thread added: 0x00000292e20f2ee0
Event: 1779.897 Thread 0x00000292e3a5bd80 Thread added: 0x00000292e2974860
Event: 1782.595 Thread 0x00000292ffa5e220 Thread added: 0x00000292e34eb990
Event: 1784.150 Thread 0x00000292e34eb990 Thread exited: 0x00000292e34eb990
Event: 1843.303 Thread 0x00000292e3a5e4e0 Thread exited: 0x00000292e3a5e4e0
Event: 1843.383 Thread 0x00000292e20f2ee0 Thread exited: 0x00000292e20f2ee0
Event: 1843.385 Thread 0x00000292e2974860 Thread exited: 0x00000292e2974860
Event: 1844.150 Thread 0x00000292e3a5b060 Thread exited: 0x00000292e3a5b060
Event: 1844.150 Thread 0x00000292e3a5bd80 Thread exited: 0x00000292e3a5bd80
Event: 1852.136 Thread 0x00000292ecd721c0 Thread exited: 0x00000292ecd721c0


Dynamic libraries:
0x00007ff7f4170000 - 0x00007ff7f417e000 	c:\Users\Nguyen Van Manh\.antigravity-ide\extensions\redhat.java-1.55.0-win32-x64\jre\21.0.11-win32-x86_64\bin\java.exe
0x00007fff17440000 - 0x00007fff176a6000 	C:\WINDOWS\SYSTEM32\ntdll.dll
0x00007fff156c0000 - 0x00007fff15789000 	C:\WINDOWS\System32\KERNEL32.DLL
0x00007fff14d60000 - 0x00007fff1515e000 	C:\WINDOWS\System32\KERNELBASE.dll
0x00007fff14b10000 - 0x00007fff14c5c000 	C:\WINDOWS\System32\ucrtbase.dll
0x00007ffedb870000 - 0x00007ffedb888000 	c:\Users\Nguyen Van Manh\.antigravity-ide\extensions\redhat.java-1.55.0-win32-x64\jre\21.0.11-win32-x86_64\bin\jli.dll
0x00007ffedb890000 - 0x00007ffedb8ae000 	c:\Users\Nguyen Van Manh\.antigravity-ide\extensions\redhat.java-1.55.0-win32-x64\jre\21.0.11-win32-x86_64\bin\VCRUNTIME140.dll
0x00007fff15790000 - 0x00007fff15957000 	C:\WINDOWS\System32\USER32.dll
0x00007fff14d30000 - 0x00007fff14d57000 	C:\WINDOWS\System32\win32u.dll
0x00007ffeff6c0000 - 0x00007ffeff952000 	C:\WINDOWS\WinSxS\amd64_microsoft.windows.common-controls_6595b64144ccf1df_6.0.26100.8875_none_3e0d5d42e32fe9dd\COMCTL32.dll
0x00007fff17180000 - 0x00007fff171ab000 	C:\WINDOWS\System32\GDI32.dll
0x00007fff16480000 - 0x00007fff16529000 	C:\WINDOWS\System32\msvcrt.dll
0x00007fff14930000 - 0x00007fff14a5a000 	C:\WINDOWS\System32\gdi32full.dll
0x00007fff14a60000 - 0x00007fff14b03000 	C:\WINDOWS\System32\msvcp_win.dll
0x00007fff17330000 - 0x00007fff17362000 	C:\WINDOWS\System32\IMM32.DLL
0x00007ffee09b0000 - 0x00007ffee09bc000 	c:\Users\Nguyen Van Manh\.antigravity-ide\extensions\redhat.java-1.55.0-win32-x64\jre\21.0.11-win32-x86_64\bin\vcruntime140_1.dll
0x00007ffe9fc50000 - 0x00007ffe9fcdd000 	c:\Users\Nguyen Van Manh\.antigravity-ide\extensions\redhat.java-1.55.0-win32-x64\jre\21.0.11-win32-x86_64\bin\msvcp140.dll
0x00007ffe9dfe0000 - 0x00007ffe9ed82000 	c:\Users\Nguyen Van Manh\.antigravity-ide\extensions\redhat.java-1.55.0-win32-x64\jre\21.0.11-win32-x86_64\bin\server\jvm.dll
0x00007fff15600000 - 0x00007fff156b7000 	C:\WINDOWS\System32\ADVAPI32.dll
0x00007fff163d0000 - 0x00007fff1647a000 	C:\WINDOWS\System32\sechost.dll
0x00007fff15bf0000 - 0x00007fff15d08000 	C:\WINDOWS\System32\RPCRT4.dll
0x00007fff15d30000 - 0x00007fff15db0000 	C:\WINDOWS\System32\WS2_32.dll
0x00007fff09ba0000 - 0x00007fff09bd6000 	C:\WINDOWS\SYSTEM32\WINMM.dll
0x00007fff144c0000 - 0x00007fff1451e000 	C:\WINDOWS\SYSTEM32\POWRPROF.dll
0x00007fff0c210000 - 0x00007fff0c21b000 	C:\WINDOWS\SYSTEM32\VERSION.dll
0x00007fff144a0000 - 0x00007fff144b4000 	C:\WINDOWS\SYSTEM32\UMPDC.dll
0x00007fff13340000 - 0x00007fff1335b000 	C:\WINDOWS\SYSTEM32\kernel.appcore.dll
0x00007ffedcfa0000 - 0x00007ffedcfaa000 	c:\Users\Nguyen Van Manh\.antigravity-ide\extensions\redhat.java-1.55.0-win32-x64\jre\21.0.11-win32-x86_64\bin\jimage.dll
0x00007fff11660000 - 0x00007fff118a2000 	C:\WINDOWS\SYSTEM32\DBGHELP.DLL
0x00007fff15f60000 - 0x00007fff162e3000 	C:\WINDOWS\System32\combase.dll
0x00007fff162f0000 - 0x00007fff163c9000 	C:\WINDOWS\System32\OLEAUT32.dll
0x00007ffee6cb0000 - 0x00007ffee6ceb000 	C:\WINDOWS\SYSTEM32\dbgcore.DLL
0x00007fff147e0000 - 0x00007fff1488c000 	C:\WINDOWS\System32\bcryptPrimitives.dll
0x00007ffedca90000 - 0x00007ffedca9f000 	c:\Users\Nguyen Van Manh\.antigravity-ide\extensions\redhat.java-1.55.0-win32-x64\jre\21.0.11-win32-x86_64\bin\instrument.dll
0x00007ffeb6370000 - 0x00007ffeb6390000 	c:\Users\Nguyen Van Manh\.antigravity-ide\extensions\redhat.java-1.55.0-win32-x64\jre\21.0.11-win32-x86_64\bin\java.dll
0x00007fff16880000 - 0x00007fff17012000 	C:\WINDOWS\System32\SHELL32.dll
0x00007fff12120000 - 0x00007fff129b2000 	C:\WINDOWS\SYSTEM32\windows.storage.dll
0x00007fff17230000 - 0x00007fff17327000 	C:\WINDOWS\System32\SHCORE.dll
0x00007fff17020000 - 0x00007fff17087000 	C:\WINDOWS\System32\shlwapi.dll
0x00007fff14580000 - 0x00007fff145a9000 	C:\WINDOWS\SYSTEM32\profapi.dll
0x00007ffeb6350000 - 0x00007ffeb6368000 	c:\Users\Nguyen Van Manh\.antigravity-ide\extensions\redhat.java-1.55.0-win32-x64\jre\21.0.11-win32-x86_64\bin\zip.dll
0x00007ffedb860000 - 0x00007ffedb870000 	C:\Users\Nguyen Van Manh\.antigravity-ide\extensions\redhat.java-1.55.0-win32-x64\jre\21.0.11-win32-x86_64\bin\net.dll
0x00007fff0df60000 - 0x00007fff0e087000 	C:\WINDOWS\SYSTEM32\WINHTTP.dll
0x00007fff138f0000 - 0x00007fff1395c000 	C:\WINDOWS\system32\mswsock.dll
0x00007ffea7cd0000 - 0x00007ffea7ce6000 	C:\Users\Nguyen Van Manh\.antigravity-ide\extensions\redhat.java-1.55.0-win32-x64\jre\21.0.11-win32-x86_64\bin\nio.dll
0x00007ffed2cd0000 - 0x00007ffed2ce0000 	c:\Users\Nguyen Van Manh\.antigravity-ide\extensions\redhat.java-1.55.0-win32-x64\jre\21.0.11-win32-x86_64\bin\verify.dll
0x00007ffea85a0000 - 0x00007ffea85e5000 	C:\Users\Nguyen Van Manh\AppData\Roaming\Antigravity IDE\User\globalStorage\redhat.java\1.55.0\config_win\org.eclipse.equinox.launcher\org.eclipse.equinox.launcher.win32.win32.x86_64_1.3.100.v20260613-0559\eclipse_11924.dll
0x00007fff15dc0000 - 0x00007fff15f59000 	C:\WINDOWS\System32\ole32.dll
0x00007fff13bf0000 - 0x00007fff13c0b000 	C:\WINDOWS\SYSTEM32\CRYPTSP.dll
0x00007fff132a0000 - 0x00007fff132d9000 	C:\WINDOWS\system32\rsaenh.dll
0x00007fff139b0000 - 0x00007fff139e2000 	C:\WINDOWS\SYSTEM32\USERENV.dll
0x00007fff14550000 - 0x00007fff1457a000 	C:\WINDOWS\SYSTEM32\bcrypt.dll
0x00007fff13c10000 - 0x00007fff13c1c000 	C:\WINDOWS\SYSTEM32\CRYPTBASE.dll
0x00007fff12d60000 - 0x00007fff12d93000 	C:\WINDOWS\SYSTEM32\IPHLPAPI.DLL
0x00007fff15b00000 - 0x00007fff15b0a000 	C:\WINDOWS\System32\NSI.dll
0x00007ffe9fb60000 - 0x00007ffe9fba9000 	C:\Users\Nguyen Van Manh\AppData\Local\Temp\jna--758863707\jna16298833671355667839.dll
0x00007fff17120000 - 0x00007fff17128000 	C:\WINDOWS\System32\PSAPI.DLL
0x00007fff0eb10000 - 0x00007fff0eb2d000 	C:\WINDOWS\SYSTEM32\dhcpcsvc6.DLL
0x00007fff0ea00000 - 0x00007fff0ea25000 	C:\WINDOWS\SYSTEM32\dhcpcsvc.DLL
0x00007ffea7f50000 - 0x00007ffea7f77000 	C:\Users\Nguyen Van Manh\.gradle\native\1def1411415f61bf3af743bc5b6707747c0891f09f0c88961ee8f79bc544acac\windows-amd64\native-platform.dll
0x00007ffedd1b0000 - 0x00007ffedd1ba000 	C:\Users\Nguyen Van Manh\.antigravity-ide\extensions\redhat.java-1.55.0-win32-x64\jre\21.0.11-win32-x86_64\bin\management.dll
0x00007ffedd1a0000 - 0x00007ffedd1ac000 	C:\Users\Nguyen Van Manh\.antigravity-ide\extensions\redhat.java-1.55.0-win32-x64\jre\21.0.11-win32-x86_64\bin\management_ext.dll
0x00007ffedd190000 - 0x00007ffedd199000 	C:\Users\Nguyen Van Manh\.antigravity-ide\extensions\redhat.java-1.55.0-win32-x64\jre\21.0.11-win32-x86_64\bin\extnet.dll
0x00007ffedcaf0000 - 0x00007ffedcafe000 	C:\Users\Nguyen Van Manh\.antigravity-ide\extensions\redhat.java-1.55.0-win32-x64\jre\21.0.11-win32-x86_64\bin\sunmscapi.dll
0x00007fff14660000 - 0x00007fff147d8000 	C:\WINDOWS\System32\CRYPT32.dll
0x00007fff13e30000 - 0x00007fff13e60000 	C:\WINDOWS\SYSTEM32\ncrypt.dll
0x00007fff13de0000 - 0x00007fff13e1f000 	C:\WINDOWS\SYSTEM32\NTASN1.dll
0x00007ffeb16d0000 - 0x00007ffeb16d8000 	C:\WINDOWS\system32\wshunix.dll

JVMTI agents:
c:\Users\Nguyen Van Manh\.antigravity-ide\extensions\redhat.java-1.55.0-win32-x64\lombok\lombok-1.18.39-4050.jar path:c:\Users\Nguyen Van Manh\.antigravity-ide\extensions\redhat.java-1.55.0-win32-x64\jre\21.0.11-win32-x86_64\bin\instrument.dll, loaded, initialized, instrumentlib options:none

dbghelp: loaded successfully - version: 4.0.5 - missing functions: none
symbol engine: initialized successfully - sym options: 0x614 - pdb path: .;c:\Users\Nguyen Van Manh\.antigravity-ide\extensions\redhat.java-1.55.0-win32-x64\jre\21.0.11-win32-x86_64\bin;C:\WINDOWS\SYSTEM32;C:\WINDOWS\WinSxS\amd64_microsoft.windows.common-controls_6595b64144ccf1df_6.0.26100.8875_none_3e0d5d42e32fe9dd;c:\Users\Nguyen Van Manh\.antigravity-ide\extensions\redhat.java-1.55.0-win32-x64\jre\21.0.11-win32-x86_64\bin\server;C:\Users\Nguyen Van Manh\AppData\Roaming\Antigravity IDE\User\globalStorage\redhat.java\1.55.0\config_win\org.eclipse.equinox.launcher\org.eclipse.equinox.launcher.win32.win32.x86_64_1.3.100.v20260613-0559;C:\Users\Nguyen Van Manh\AppData\Local\Temp\jna--758863707;C:\Users\Nguyen Van Manh\.gradle\native\1def1411415f61bf3af743bc5b6707747c0891f09f0c88961ee8f79bc544acac\windows-amd64

VM Arguments:
jvm_args: --add-modules=ALL-SYSTEM --add-opens=java.base/java.util=ALL-UNNAMED --add-opens=java.base/java.lang=ALL-UNNAMED --add-opens=java.base/sun.nio.fs=ALL-UNNAMED -Declipse.application=org.eclipse.jdt.ls.core.id1 -Dosgi.bundles.defaultStartLevel=4 -Declipse.product=org.eclipse.jdt.ls.core.product -Djava.import.generatesMetadataFilesAtProjectRoot=false -DDetectVMInstallationsJob.disabled=true -Dfile.encoding=utf8 -XX:+UseParallelGC -XX:GCTimeRatio=4 -XX:AdaptiveSizePolicyWeight=90 -Dsun.zip.disableMemoryMapping=true -Xmx2G -Xms100m -Xlog:disable -javaagent:c:\Users\Nguyen Van Manh\.antigravity-ide\extensions\redhat.java-1.55.0-win32-x64\lombok\lombok-1.18.39-4050.jar -XX:+HeapDumpOnOutOfMemoryError -XX:HeapDumpPath=c:\Users\Nguyen Van Manh\AppData\Roaming\Antigravity IDE\User\workspaceStorage\cd29283c2ecb26fd1d90bb35446c8b77\redhat.java -Daether.dependencyCollector.impl=bf 
java_command: c:\Users\Nguyen Van Manh\.antigravity-ide\extensions\redhat.java-1.55.0-win32-x64\server\plugins\org.eclipse.equinox.launcher_1.7.200.v20260619-2039.jar -configuration c:\Users\Nguyen Van Manh\AppData\Roaming\Antigravity IDE\User\globalStorage\redhat.java\1.55.0\config_win -data c:\Users\Nguyen Van Manh\AppData\Roaming\Antigravity IDE\User\workspaceStorage\cd29283c2ecb26fd1d90bb35446c8b77\redhat.java\jdt_ws --pipe=\\.\pipe\lsp-21f5d219d47c89322c4d201b3e267e9c-sock
java_class_path (initial): c:\Users\Nguyen Van Manh\.antigravity-ide\extensions\redhat.java-1.55.0-win32-x64\server\plugins\org.eclipse.equinox.launcher_1.7.200.v20260619-2039.jar
Launcher Type: SUN_STANDARD

[Global flags]
    uintx AdaptiveSizePolicyWeight                 = 90                                        {product} {command line}
     intx CICompilerCount                          = 12                                        {product} {ergonomic}
    uintx GCTimeRatio                              = 4                                         {product} {command line}
     bool HeapDumpOnOutOfMemoryError               = true                                   {manageable} {command line}
    ccstr HeapDumpPath                             = c:\Users\Nguyen Van Manh\AppData\Roaming\Antigravity IDE\User\workspaceStorage\cd29283c2ecb26fd1d90bb35446c8b77\redhat.java         {manageable} {command line}
   size_t InitialHeapSize                          = 104857600                                 {product} {command line}
   size_t MaxHeapSize                              = 2147483648                                {product} {command line}
   size_t MaxNewSize                               = 715653120                                 {product} {ergonomic}
   size_t MinHeapDeltaBytes                        = 524288                                    {product} {ergonomic}
   size_t MinHeapSize                              = 104857600                                 {product} {command line}
   size_t NewSize                                  = 34603008                                  {product} {ergonomic}
    uintx NonNMethodCodeHeapSize                   = 7602480                                {pd product} {ergonomic}
    uintx NonProfiledCodeHeapSize                  = 122027880                              {pd product} {ergonomic}
   size_t OldSize                                  = 70254592                                  {product} {ergonomic}
    uintx ProfiledCodeHeapSize                     = 122027880                              {pd product} {ergonomic}
    uintx ReservedCodeCacheSize                    = 251658240                              {pd product} {ergonomic}
     bool SegmentedCodeCache                       = true                                      {product} {ergonomic}
   size_t SoftMaxHeapSize                          = 2147483648                             {manageable} {ergonomic}
     bool UseCompressedOops                        = true                           {product lp64_product} {ergonomic}
     bool UseLargePagesIndividualAllocation        = false                                  {pd product} {ergonomic}
     bool UseParallelGC                            = true                                      {product} {command line}

Logging:
Log output configuration:
 #0: stdout all=off uptime,level,tags foldmultilines=false
 #1: stderr all=off uptime,level,tags foldmultilines=false

Release file:
JAVA_VERSION="21.0.11" 
MODULES="java.base java.compiler java.datatransfer java.xml java.prefs java.desktop java.instrument java.logging java.management java.security.sasl java.naming java.rmi java.management.rmi java.net.http java.scripting java.security.jgss java.transaction.xa java.sql java.sql.rowset java.xml.crypto java.se java.smartcardio jdk.accessibility jdk.internal.jvmstat jdk.attach jdk.charsets jdk.internal.opt jdk.zipfs jdk.compiler jdk.crypto.ec jdk.crypto.cryptoki jdk.crypto.mscapi jdk.dynalink jdk.internal.ed jdk.editpad jdk.hotspot.agent jdk.httpserver jdk.internal.le jdk.internal.vm.ci jdk.internal.vm.compiler jdk.internal.vm.compiler.management jdk.jartool jdk.javadoc jdk.jcmd jdk.management jdk.management.agent jdk.jconsole jdk.jdeps jdk.jdwp.agent jdk.jdi jdk.jfr jdk.jshell jdk.jsobject jdk.jstatd jdk.localedata jdk.management.jfr jdk.naming.dns jdk.naming.rmi jdk.net jdk.nio.mapmode jdk.random jdk.sctp jdk.security.auth jdk.security.jgss jdk.unsupported jdk.unsupported.desktop jdk.xml.dom" 

Environment Variables:
JAVA_HOME=C:\Program Files\Java\jdk-17
PATH=C:\Python314\Scripts\;C:\Python314\;C:\Program Files\Java\jdk-17\bin;C:\WINDOWS\system32;C:\WINDOWS;C:\WINDOWS\System32\Wbem;C:\WINDOWS\System32\WindowsPowerShell\v1.0\;C:\WINDOWS\System32\OpenSSH\;C:\Program Files (x86)\Microsoft SQL Server\160\Tools\Binn\;C:\Program Files\Microsoft SQL Server\160\Tools\Binn\;C:\Program Files\Microsoft SQL Server\Client SDK\ODBC\170\Tools\Binn\;C:\Program Files\Microsoft SQL Server\160\DTS\Binn\;C:\Program Files (x86)\Microsoft SQL Server\160\DTS\Binn\;C:\Program Files\Git\cmd;C:\apache-ant-1.10.15-bin\apache-ant-1.10.15;C:\apache-ant-1.10.15-bin\apache-ant-1.10.15\bin;C:\Program Files\Cloudflare\Cloudflare WARP\;C:\Program Files\apache-maven-3.9.11\BIN;C:\Program Files\cursor\resources\app\bin;C:\Program Files\dotnet\;C:\Program Files\nodejs\;C:\ProgramData\chocolatey\bin;D:\Tool\flutter_windows_3.41.9-stable\flutter\bin;C:\SWT301\sonar-scanner-cli-7.1.0.4889-windows-x64\sonar-scanner-7.1.0.4889-windows-x64\bin;C:\Users\Nguyen Van Manh\AppData\Local\Microsoft\WindowsApps;C:\Users\Nguyen Van Manh\AppData\Local\Programs\Microsoft VS Code\bin;C:\Users\Nguyen Van Manh\AppData\Local\Programs\cursor\resources\app\bin;C:\Program Files\JetBrains\IntelliJ IDEA 2025.2.5\bin;C:\Users\Nguyen Van Manh\AppData\Roaming\npm;C:\Users\Nguyen Van Manh\AppData\Local\Programs\Antigravity\bin;C:\Users\Nguyen Van Manh\AppData\Local\Programs\Antigravity IDE\bin;C:\Users\Nguyen Van Manh\.dotnet\tools
USERNAME=Nguyen Van Manh
OS=Windows_NT
PROCESSOR_IDENTIFIER=AMD64 Family 25 Model 80 Stepping 0, AuthenticAMD
TMP=C:\Users\NGUYEN~1\AppData\Local\Temp
TEMP=C:\Users\NGUYEN~1\AppData\Local\Temp




Periodic native trim disabled

---------------  S Y S T E M  ---------------

OS:
 Windows 11 , 64 bit Build 26100 (10.0.26100.8875)
OS uptime: 0 days 0:33 hours

CPU: total 16 (initial active 16) (16 cores per cpu, 2 threads per core) family 25 model 80 stepping 0 microcode 0xa500011, cx8, cmov, fxsr, ht, mmx, 3dnowpref, sse, sse2, sse3, ssse3, sse4a, sse4.1, sse4.2, popcnt, lzcnt, tsc, tscinvbit, avx, avx2, aes, erms, clmul, bmi1, bmi2, adx, sha, fma, vzeroupper, clflush, clflushopt, rdtscp, rdpid, fsrm, f16c, pku, cet_ss
Processor Information for processor 0
  Max Mhz: 3201, Current Mhz: 3201, Mhz Limit: 3201
Processor Information for processor 1
  Max Mhz: 3201, Current Mhz: 3201, Mhz Limit: 3201
Processor Information for processor 2
  Max Mhz: 3201, Current Mhz: 3201, Mhz Limit: 3201
Processor Information for processor 3
  Max Mhz: 3201, Current Mhz: 3201, Mhz Limit: 3201
Processor Information for processor 4
  Max Mhz: 3201, Current Mhz: 1802, Mhz Limit: 3201
Processor Information for processor 5
  Max Mhz: 3201, Current Mhz: 3201, Mhz Limit: 3201
Processor Information for processor 6
  Max Mhz: 3201, Current Mhz: 3201, Mhz Limit: 3201
Processor Information for processor 7
  Max Mhz: 3201, Current Mhz: 3201, Mhz Limit: 3201
Processor Information for processor 8
  Max Mhz: 3201, Current Mhz: 3201, Mhz Limit: 3201
Processor Information for processor 9
  Max Mhz: 3201, Current Mhz: 3201, Mhz Limit: 3201
Processor Information for processor 10
  Max Mhz: 3201, Current Mhz: 3201, Mhz Limit: 3201
Processor Information for processor 11
  Max Mhz: 3201, Current Mhz: 3201, Mhz Limit: 3201
Processor Information for processor 12
  Max Mhz: 3201, Current Mhz: 3201, Mhz Limit: 3201
Processor Information for processor 13
  Max Mhz: 3201, Current Mhz: 3201, Mhz Limit: 3201
Processor Information for processor 14
  Max Mhz: 3201, Current Mhz: 3201, Mhz Limit: 3201
Processor Information for processor 15
  Max Mhz: 3201, Current Mhz: 3201, Mhz Limit: 3201

Memory: 4k page, system-wide physical 7528M (6M free)
TotalPageFile size 31080M (AvailPageFile size 41M)
current process WorkingSet (physical memory assigned to process): 127M, peak: 651M
current process commit charge ("private bytes"): 1094M, peak: 1097M

vm_info: OpenJDK 64-Bit Server VM (21.0.11+10-LTS) for windows-amd64 JRE (21.0.11+10-LTS), built on 2026-04-21T00:00:00Z by "admin" with MS VC++ 17.12 (VS2022)

END.
